2022-03-09 04:37:58 [main] INFO  o.s.b.t.c.SpringBootTestContextBootstrapper - Neither @ContextConfiguration nor @ContextHierarchy found for test class [com.microservices.demo.twitter.to.kafka.service.TwitterToKafkaServiceApplicationTests], using SpringBootContextLoader
2022-03-09 04:37:58 [main] INFO  o.s.t.c.s.AbstractContextLoader - Could not detect default resource locations for test class [com.microservices.demo.twitter.to.kafka.service.TwitterToKafkaServiceApplicationTests]: no resource found for suffixes {-context.xml, Context.groovy}.
2022-03-09 04:37:58 [main] INFO  o.s.t.c.s.AnnotationConfigContextLoaderUtils - Could not detect default configuration classes for test class [com.microservices.demo.twitter.to.kafka.service.TwitterToKafkaServiceApplicationTests]: TwitterToKafkaServiceApplicationTests does not declare any static, non-private, non-final, nested classes annotated with @Configuration.
2022-03-09 04:37:58 [main] INFO  o.s.b.t.c.SpringBootTestContextBootstrapper - Found @SpringBootConfiguration com.microservices.demo.twitter.to.kafka.service.TwitterToKafkaServiceApplication for test class com.microservices.demo.twitter.to.kafka.service.TwitterToKafkaServiceApplicationTests
2022-03-09 04:37:58 [main] INFO  o.s.b.t.c.SpringBootTestContextBootstrapper - Loaded default TestExecutionListener class names from location [META-INF/spring.factories]: [org.springframework.boot.test.mock.mockito.MockitoTestExecutionListener, org.springframework.boot.test.mock.mockito.ResetMocksTestExecutionListener, org.springframework.boot.test.autoconfigure.restdocs.RestDocsTestExecutionListener, org.springframework.boot.test.autoconfigure.web.client.MockRestServiceServerResetTestExecutionListener, org.springframework.boot.test.autoconfigure.web.servlet.MockMvcPrintOnlyOnFailureTestExecutionListener, org.springframework.boot.test.autoconfigure.web.servlet.WebDriverTestExecutionListener, org.springframework.boot.test.autoconfigure.webservices.client.MockWebServiceServerTestExecutionListener, org.springframework.test.context.web.ServletTestExecutionListener, org.springframework.test.context.support.DirtiesContextBeforeModesTestExecutionListener, org.springframework.test.context.event.ApplicationEventsTestExecutionListener, org.springframework.test.context.support.DependencyInjectionTestExecutionListener, org.springframework.test.context.support.DirtiesContextTestExecutionListener, org.springframework.test.context.transaction.TransactionalTestExecutionListener, org.springframework.test.context.jdbc.SqlScriptsTestExecutionListener, org.springframework.test.context.event.EventPublishingTestExecutionListener]
2022-03-09 04:37:58 [main] INFO  o.s.b.t.c.SpringBootTestContextBootstrapper - Using TestExecutionListeners: [org.springframework.test.context.support.DirtiesContextBeforeModesTestExecutionListener@44b3606b, org.springframework.test.context.event.ApplicationEventsTestExecutionListener@1477089c, org.springframework.boot.test.mock.mockito.MockitoTestExecutionListener@663411de, org.springframework.boot.test.autoconfigure.SpringBootDependencyInjectionTestExecutionListener@63dd899, org.springframework.test.context.support.DirtiesContextTestExecutionListener@59d2400d, org.springframework.test.context.event.EventPublishingTestExecutionListener@75cd8043, org.springframework.boot.test.mock.mockito.ResetMocksTestExecutionListener@33b1c5c5, org.springframework.boot.test.autoconfigure.restdocs.RestDocsTestExecutionListener@5b202a3a, org.springframework.boot.test.autoconfigure.web.client.MockRestServiceServerResetTestExecutionListener@10b9db7b, org.springframework.boot.test.autoconfigure.web.servlet.MockMvcPrintOnlyOnFailureTestExecutionListener@9ef8eb7, org.springframework.boot.test.autoconfigure.web.servlet.WebDriverTestExecutionListener@34cdeda2, org.springframework.boot.test.autoconfigure.webservices.client.MockWebServiceServerTestExecutionListener@6ee660fb]
2022-03-09 04:37:58 [main] INFO  c.m.d.t.t.k.s.TwitterToKafkaServiceApplicationTests - Starting TwitterToKafkaServiceApplicationTests using Java 11.0.14 on Dors with PID 8006 (started by cecilia in /home/cecilia/Documents/GitHub/microservices-demo/twitter-to-kafka-service)
2022-03-09 04:37:58 [main] INFO  c.m.d.t.t.k.s.TwitterToKafkaServiceApplicationTests - No active profile set, falling back to default profiles: default
2022-03-09 04:37:59 [main] INFO  c.m.d.t.t.k.s.TwitterToKafkaServiceApplicationTests - Started TwitterToKafkaServiceApplicationTests in 0.855 seconds (JVM running for 1.864)
2022-03-09 04:37:59 [main] INFO  c.m.d.t.t.k.s.TwitterToKafkaServiceApplication - App starts
2022-03-09 04:37:59 [main] INFO  c.m.d.t.t.k.s.TwitterToKafkaServiceApplication - [Java, Microservices, Spring, Kafka, Elasticsearch]
2022-03-09 04:37:59 [main] INFO  c.m.d.t.t.k.s.TwitterToKafkaServiceApplication - Hello world!
2022-03-09 04:37:59 [Twitter Stream consumer /  [1][initializing]] INFO  twitter4j.TwitterStreamImpl - Establishing connection.
2022-03-09 04:37:59 [main] INFO  c.m.d.t.t.k.s.r.i.TwitterKafkaStreamRunner - Started filtering twitter stream for [Java, Microservices, Spring, Kafka, Elasticsearch]
2022-03-09 04:37:59 [SpringApplicationShutdownHook] INFO  c.m.d.t.t.k.s.r.i.TwitterKafkaStreamRunner - Closing twitter stream
2022-03-09 12:42:40 [main] INFO  o.s.b.t.c.SpringBootTestContextBootstrapper - Neither @ContextConfiguration nor @ContextHierarchy found for test class [com.microservices.demo.twitter.to.kafka.service.TwitterToKafkaServiceApplicationTests], using SpringBootContextLoader
2022-03-09 12:42:40 [main] INFO  o.s.t.c.s.AbstractContextLoader - Could not detect default resource locations for test class [com.microservices.demo.twitter.to.kafka.service.TwitterToKafkaServiceApplicationTests]: no resource found for suffixes {-context.xml, Context.groovy}.
2022-03-09 12:42:40 [main] INFO  o.s.t.c.s.AnnotationConfigContextLoaderUtils - Could not detect default configuration classes for test class [com.microservices.demo.twitter.to.kafka.service.TwitterToKafkaServiceApplicationTests]: TwitterToKafkaServiceApplicationTests does not declare any static, non-private, non-final, nested classes annotated with @Configuration.
2022-03-09 12:42:40 [main] INFO  o.s.b.t.c.SpringBootTestContextBootstrapper - Found @SpringBootConfiguration com.microservices.demo.twitter.to.kafka.service.TwitterToKafkaServiceApplication for test class com.microservices.demo.twitter.to.kafka.service.TwitterToKafkaServiceApplicationTests
2022-03-09 12:42:40 [main] INFO  o.s.b.t.c.SpringBootTestContextBootstrapper - Loaded default TestExecutionListener class names from location [META-INF/spring.factories]: [org.springframework.boot.test.mock.mockito.MockitoTestExecutionListener, org.springframework.boot.test.mock.mockito.ResetMocksTestExecutionListener, org.springframework.boot.test.autoconfigure.restdocs.RestDocsTestExecutionListener, org.springframework.boot.test.autoconfigure.web.client.MockRestServiceServerResetTestExecutionListener, org.springframework.boot.test.autoconfigure.web.servlet.MockMvcPrintOnlyOnFailureTestExecutionListener, org.springframework.boot.test.autoconfigure.web.servlet.WebDriverTestExecutionListener, org.springframework.boot.test.autoconfigure.webservices.client.MockWebServiceServerTestExecutionListener, org.springframework.test.context.web.ServletTestExecutionListener, org.springframework.test.context.support.DirtiesContextBeforeModesTestExecutionListener, org.springframework.test.context.event.ApplicationEventsTestExecutionListener, org.springframework.test.context.support.DependencyInjectionTestExecutionListener, org.springframework.test.context.support.DirtiesContextTestExecutionListener, org.springframework.test.context.transaction.TransactionalTestExecutionListener, org.springframework.test.context.jdbc.SqlScriptsTestExecutionListener, org.springframework.test.context.event.EventPublishingTestExecutionListener]
2022-03-09 12:42:40 [main] INFO  o.s.b.t.c.SpringBootTestContextBootstrapper - Using TestExecutionListeners: [org.springframework.test.context.support.DirtiesContextBeforeModesTestExecutionListener@10b9db7b, org.springframework.test.context.event.ApplicationEventsTestExecutionListener@9ef8eb7, org.springframework.boot.test.mock.mockito.MockitoTestExecutionListener@34cdeda2, org.springframework.boot.test.autoconfigure.SpringBootDependencyInjectionTestExecutionListener@6ee660fb, org.springframework.test.context.support.DirtiesContextTestExecutionListener@305a0c5f, org.springframework.test.context.event.EventPublishingTestExecutionListener@4535b6d5, org.springframework.boot.test.mock.mockito.ResetMocksTestExecutionListener@1ecee32c, org.springframework.boot.test.autoconfigure.restdocs.RestDocsTestExecutionListener@4372b9b6, org.springframework.boot.test.autoconfigure.web.client.MockRestServiceServerResetTestExecutionListener@232a7d73, org.springframework.boot.test.autoconfigure.web.servlet.MockMvcPrintOnlyOnFailureTestExecutionListener@4b41e4dd, org.springframework.boot.test.autoconfigure.web.servlet.WebDriverTestExecutionListener@22ffa91a, org.springframework.boot.test.autoconfigure.webservices.client.MockWebServiceServerTestExecutionListener@74960bfa]
2022-03-09 12:42:40 [main] INFO  c.m.d.t.t.k.s.TwitterToKafkaServiceApplicationTests - Starting TwitterToKafkaServiceApplicationTests using Java 11.0.14 on Dors with PID 30797 (started by cecilia in /home/cecilia/Documents/GitHub/microservices-demo/twitter-to-kafka-service)
2022-03-09 12:42:40 [main] INFO  c.m.d.t.t.k.s.TwitterToKafkaServiceApplicationTests - No active profile set, falling back to default profiles: default
2022-03-09 12:42:41 [main] INFO  c.m.d.t.t.k.s.TwitterToKafkaServiceApplicationTests - Started TwitterToKafkaServiceApplicationTests in 0.805 seconds (JVM running for 1.856)
2022-03-09 12:42:41 [main] INFO  c.m.d.t.t.k.s.TwitterToKafkaServiceApplication - App starts
2022-03-09 12:42:41 [main] INFO  c.m.d.t.t.k.s.TwitterToKafkaServiceApplication - [Java, Microservices, Spring, Kafka, Elasticsearch]
2022-03-09 12:42:41 [main] INFO  c.m.d.t.t.k.s.TwitterToKafkaServiceApplication - Hello world!
2022-03-09 12:42:41 [Twitter Stream consumer /  [1][initializing]] INFO  twitter4j.TwitterStreamImpl - Establishing connection.
2022-03-09 12:42:41 [main] INFO  c.m.d.t.t.k.s.r.i.TwitterKafkaStreamRunner - Started filtering twitter stream for [Java, Microservices, Spring, Kafka, Elasticsearch]
2022-03-09 12:42:41 [SpringApplicationShutdownHook] INFO  c.m.d.t.t.k.s.r.i.TwitterKafkaStreamRunner - Closing twitter stream
2022-03-09 12:44:16 [main] INFO  o.s.b.t.c.SpringBootTestContextBootstrapper - Neither @ContextConfiguration nor @ContextHierarchy found for test class [com.microservices.demo.twitter.to.kafka.service.TwitterToKafkaServiceApplicationTests], using SpringBootContextLoader
2022-03-09 12:44:16 [main] INFO  o.s.t.c.s.AbstractContextLoader - Could not detect default resource locations for test class [com.microservices.demo.twitter.to.kafka.service.TwitterToKafkaServiceApplicationTests]: no resource found for suffixes {-context.xml, Context.groovy}.
2022-03-09 12:44:16 [main] INFO  o.s.t.c.s.AnnotationConfigContextLoaderUtils - Could not detect default configuration classes for test class [com.microservices.demo.twitter.to.kafka.service.TwitterToKafkaServiceApplicationTests]: TwitterToKafkaServiceApplicationTests does not declare any static, non-private, non-final, nested classes annotated with @Configuration.
2022-03-09 12:44:16 [main] INFO  o.s.b.t.c.SpringBootTestContextBootstrapper - Found @SpringBootConfiguration com.microservices.demo.twitter.to.kafka.service.TwitterToKafkaServiceApplication for test class com.microservices.demo.twitter.to.kafka.service.TwitterToKafkaServiceApplicationTests
2022-03-09 12:44:16 [main] INFO  o.s.b.t.c.SpringBootTestContextBootstrapper - Loaded default TestExecutionListener class names from location [META-INF/spring.factories]: [org.springframework.boot.test.mock.mockito.MockitoTestExecutionListener, org.springframework.boot.test.mock.mockito.ResetMocksTestExecutionListener, org.springframework.boot.test.autoconfigure.restdocs.RestDocsTestExecutionListener, org.springframework.boot.test.autoconfigure.web.client.MockRestServiceServerResetTestExecutionListener, org.springframework.boot.test.autoconfigure.web.servlet.MockMvcPrintOnlyOnFailureTestExecutionListener, org.springframework.boot.test.autoconfigure.web.servlet.WebDriverTestExecutionListener, org.springframework.boot.test.autoconfigure.webservices.client.MockWebServiceServerTestExecutionListener, org.springframework.test.context.web.ServletTestExecutionListener, org.springframework.test.context.support.DirtiesContextBeforeModesTestExecutionListener, org.springframework.test.context.event.ApplicationEventsTestExecutionListener, org.springframework.test.context.support.DependencyInjectionTestExecutionListener, org.springframework.test.context.support.DirtiesContextTestExecutionListener, org.springframework.test.context.transaction.TransactionalTestExecutionListener, org.springframework.test.context.jdbc.SqlScriptsTestExecutionListener, org.springframework.test.context.event.EventPublishingTestExecutionListener]
2022-03-09 12:44:16 [main] INFO  o.s.b.t.c.SpringBootTestContextBootstrapper - Using TestExecutionListeners: [org.springframework.test.context.support.DirtiesContextBeforeModesTestExecutionListener@10b9db7b, org.springframework.test.context.event.ApplicationEventsTestExecutionListener@9ef8eb7, org.springframework.boot.test.mock.mockito.MockitoTestExecutionListener@34cdeda2, org.springframework.boot.test.autoconfigure.SpringBootDependencyInjectionTestExecutionListener@6ee660fb, org.springframework.test.context.support.DirtiesContextTestExecutionListener@305a0c5f, org.springframework.test.context.event.EventPublishingTestExecutionListener@4535b6d5, org.springframework.boot.test.mock.mockito.ResetMocksTestExecutionListener@1ecee32c, org.springframework.boot.test.autoconfigure.restdocs.RestDocsTestExecutionListener@4372b9b6, org.springframework.boot.test.autoconfigure.web.client.MockRestServiceServerResetTestExecutionListener@232a7d73, org.springframework.boot.test.autoconfigure.web.servlet.MockMvcPrintOnlyOnFailureTestExecutionListener@4b41e4dd, org.springframework.boot.test.autoconfigure.web.servlet.WebDriverTestExecutionListener@22ffa91a, org.springframework.boot.test.autoconfigure.webservices.client.MockWebServiceServerTestExecutionListener@74960bfa]
2022-03-09 12:44:16 [main] INFO  c.m.d.t.t.k.s.TwitterToKafkaServiceApplicationTests - Starting TwitterToKafkaServiceApplicationTests using Java 11.0.14 on Dors with PID 30972 (started by cecilia in /home/cecilia/Documents/GitHub/microservices-demo/twitter-to-kafka-service)
2022-03-09 12:44:16 [main] INFO  c.m.d.t.t.k.s.TwitterToKafkaServiceApplicationTests - No active profile set, falling back to default profiles: default
2022-03-09 12:44:17 [main] INFO  c.m.d.t.t.k.s.TwitterToKafkaServiceApplicationTests - Started TwitterToKafkaServiceApplicationTests in 0.819 seconds (JVM running for 1.779)
2022-03-09 12:44:17 [main] INFO  c.m.d.t.t.k.s.TwitterToKafkaServiceApplication - App starts
2022-03-09 12:44:17 [main] INFO  c.m.d.t.t.k.s.TwitterToKafkaServiceApplication - [Java, Microservices, Spring, Kafka, Elasticsearch]
2022-03-09 12:44:17 [main] INFO  c.m.d.t.t.k.s.TwitterToKafkaServiceApplication - Hello world!
2022-03-09 12:44:17 [Twitter Stream consumer /  [1][initializing]] INFO  twitter4j.TwitterStreamImpl - Establishing connection.
2022-03-09 12:44:17 [main] INFO  c.m.d.t.t.k.s.r.i.TwitterKafkaStreamRunner - Started filtering twitter stream for [Java, Microservices, Spring, Kafka, Elasticsearch]
2022-03-09 12:44:17 [SpringApplicationShutdownHook] INFO  c.m.d.t.t.k.s.r.i.TwitterKafkaStreamRunner - Closing twitter stream
2022-03-09 12:46:27 [main] INFO  o.s.b.t.c.SpringBootTestContextBootstrapper - Neither @ContextConfiguration nor @ContextHierarchy found for test class [com.microservices.demo.twitter.to.kafka.service.TwitterToKafkaServiceApplicationTests], using SpringBootContextLoader
2022-03-09 12:46:27 [main] INFO  o.s.t.c.s.AbstractContextLoader - Could not detect default resource locations for test class [com.microservices.demo.twitter.to.kafka.service.TwitterToKafkaServiceApplicationTests]: no resource found for suffixes {-context.xml, Context.groovy}.
2022-03-09 12:46:27 [main] INFO  o.s.t.c.s.AnnotationConfigContextLoaderUtils - Could not detect default configuration classes for test class [com.microservices.demo.twitter.to.kafka.service.TwitterToKafkaServiceApplicationTests]: TwitterToKafkaServiceApplicationTests does not declare any static, non-private, non-final, nested classes annotated with @Configuration.
2022-03-09 12:46:27 [main] INFO  o.s.b.t.c.SpringBootTestContextBootstrapper - Found @SpringBootConfiguration com.microservices.demo.twitter.to.kafka.service.TwitterToKafkaServiceApplication for test class com.microservices.demo.twitter.to.kafka.service.TwitterToKafkaServiceApplicationTests
2022-03-09 12:46:27 [main] INFO  o.s.b.t.c.SpringBootTestContextBootstrapper - Loaded default TestExecutionListener class names from location [META-INF/spring.factories]: [org.springframework.boot.test.mock.mockito.MockitoTestExecutionListener, org.springframework.boot.test.mock.mockito.ResetMocksTestExecutionListener, org.springframework.boot.test.autoconfigure.restdocs.RestDocsTestExecutionListener, org.springframework.boot.test.autoconfigure.web.client.MockRestServiceServerResetTestExecutionListener, org.springframework.boot.test.autoconfigure.web.servlet.MockMvcPrintOnlyOnFailureTestExecutionListener, org.springframework.boot.test.autoconfigure.web.servlet.WebDriverTestExecutionListener, org.springframework.boot.test.autoconfigure.webservices.client.MockWebServiceServerTestExecutionListener, org.springframework.test.context.web.ServletTestExecutionListener, org.springframework.test.context.support.DirtiesContextBeforeModesTestExecutionListener, org.springframework.test.context.event.ApplicationEventsTestExecutionListener, org.springframework.test.context.support.DependencyInjectionTestExecutionListener, org.springframework.test.context.support.DirtiesContextTestExecutionListener, org.springframework.test.context.transaction.TransactionalTestExecutionListener, org.springframework.test.context.jdbc.SqlScriptsTestExecutionListener, org.springframework.test.context.event.EventPublishingTestExecutionListener]
2022-03-09 12:46:27 [main] INFO  o.s.b.t.c.SpringBootTestContextBootstrapper - Using TestExecutionListeners: [org.springframework.test.context.support.DirtiesContextBeforeModesTestExecutionListener@10b9db7b, org.springframework.test.context.event.ApplicationEventsTestExecutionListener@9ef8eb7, org.springframework.boot.test.mock.mockito.MockitoTestExecutionListener@34cdeda2, org.springframework.boot.test.autoconfigure.SpringBootDependencyInjectionTestExecutionListener@6ee660fb, org.springframework.test.context.support.DirtiesContextTestExecutionListener@305a0c5f, org.springframework.test.context.event.EventPublishingTestExecutionListener@4535b6d5, org.springframework.boot.test.mock.mockito.ResetMocksTestExecutionListener@1ecee32c, org.springframework.boot.test.autoconfigure.restdocs.RestDocsTestExecutionListener@4372b9b6, org.springframework.boot.test.autoconfigure.web.client.MockRestServiceServerResetTestExecutionListener@232a7d73, org.springframework.boot.test.autoconfigure.web.servlet.MockMvcPrintOnlyOnFailureTestExecutionListener@4b41e4dd, org.springframework.boot.test.autoconfigure.web.servlet.WebDriverTestExecutionListener@22ffa91a, org.springframework.boot.test.autoconfigure.webservices.client.MockWebServiceServerTestExecutionListener@74960bfa]
2022-03-09 12:46:27 [main] INFO  c.m.d.t.t.k.s.TwitterToKafkaServiceApplicationTests - Starting TwitterToKafkaServiceApplicationTests using Java 11.0.14 on Dors with PID 31192 (started by cecilia in /home/cecilia/Documents/GitHub/microservices-demo/twitter-to-kafka-service)
2022-03-09 12:46:27 [main] INFO  c.m.d.t.t.k.s.TwitterToKafkaServiceApplicationTests - No active profile set, falling back to default profiles: default
2022-03-09 12:46:28 [main] INFO  c.m.d.t.t.k.s.TwitterToKafkaServiceApplicationTests - Started TwitterToKafkaServiceApplicationTests in 0.791 seconds (JVM running for 1.703)
2022-03-09 12:46:28 [main] INFO  c.m.d.t.t.k.s.TwitterToKafkaServiceApplication - App starts
2022-03-09 12:46:28 [main] INFO  c.m.d.t.t.k.s.TwitterToKafkaServiceApplication - [Java, Microservices, Spring, Kafka, Elasticsearch]
2022-03-09 12:46:28 [main] INFO  c.m.d.t.t.k.s.TwitterToKafkaServiceApplication - Hello world!
2022-03-09 12:46:28 [Twitter Stream consumer /  [1][initializing]] INFO  twitter4j.TwitterStreamImpl - Establishing connection.
2022-03-09 12:46:28 [main] INFO  c.m.d.t.t.k.s.r.i.TwitterKafkaStreamRunner - Started filtering twitter stream for [Java, Microservices, Spring, Kafka, Elasticsearch]
2022-03-09 12:46:28 [SpringApplicationShutdownHook] INFO  c.m.d.t.t.k.s.r.i.TwitterKafkaStreamRunner - Closing twitter stream
2022-03-09 19:10:34 [main] INFO  o.s.b.t.c.SpringBootTestContextBootstrapper - Neither @ContextConfiguration nor @ContextHierarchy found for test class [com.microservices.demo.twitter.to.kafka.service.TwitterToKafkaServiceApplicationTests], using SpringBootContextLoader
2022-03-09 19:10:34 [main] INFO  o.s.t.c.s.AbstractContextLoader - Could not detect default resource locations for test class [com.microservices.demo.twitter.to.kafka.service.TwitterToKafkaServiceApplicationTests]: no resource found for suffixes {-context.xml, Context.groovy}.
2022-03-09 19:10:34 [main] INFO  o.s.t.c.s.AnnotationConfigContextLoaderUtils - Could not detect default configuration classes for test class [com.microservices.demo.twitter.to.kafka.service.TwitterToKafkaServiceApplicationTests]: TwitterToKafkaServiceApplicationTests does not declare any static, non-private, non-final, nested classes annotated with @Configuration.
2022-03-09 19:10:34 [main] INFO  o.s.b.t.c.SpringBootTestContextBootstrapper - Found @SpringBootConfiguration com.microservices.demo.twitter.to.kafka.service.TwitterToKafkaServiceApplication for test class com.microservices.demo.twitter.to.kafka.service.TwitterToKafkaServiceApplicationTests
2022-03-09 19:10:34 [main] INFO  o.s.b.t.c.SpringBootTestContextBootstrapper - Loaded default TestExecutionListener class names from location [META-INF/spring.factories]: [org.springframework.boot.test.mock.mockito.MockitoTestExecutionListener, org.springframework.boot.test.mock.mockito.ResetMocksTestExecutionListener, org.springframework.boot.test.autoconfigure.restdocs.RestDocsTestExecutionListener, org.springframework.boot.test.autoconfigure.web.client.MockRestServiceServerResetTestExecutionListener, org.springframework.boot.test.autoconfigure.web.servlet.MockMvcPrintOnlyOnFailureTestExecutionListener, org.springframework.boot.test.autoconfigure.web.servlet.WebDriverTestExecutionListener, org.springframework.boot.test.autoconfigure.webservices.client.MockWebServiceServerTestExecutionListener, org.springframework.test.context.web.ServletTestExecutionListener, org.springframework.test.context.support.DirtiesContextBeforeModesTestExecutionListener, org.springframework.test.context.event.ApplicationEventsTestExecutionListener, org.springframework.test.context.support.DependencyInjectionTestExecutionListener, org.springframework.test.context.support.DirtiesContextTestExecutionListener, org.springframework.test.context.transaction.TransactionalTestExecutionListener, org.springframework.test.context.jdbc.SqlScriptsTestExecutionListener, org.springframework.test.context.event.EventPublishingTestExecutionListener]
2022-03-09 19:10:34 [main] INFO  o.s.b.t.c.SpringBootTestContextBootstrapper - Using TestExecutionListeners: [org.springframework.test.context.support.DirtiesContextBeforeModesTestExecutionListener@10b9db7b, org.springframework.test.context.event.ApplicationEventsTestExecutionListener@9ef8eb7, org.springframework.boot.test.mock.mockito.MockitoTestExecutionListener@34cdeda2, org.springframework.boot.test.autoconfigure.SpringBootDependencyInjectionTestExecutionListener@6ee660fb, org.springframework.test.context.support.DirtiesContextTestExecutionListener@305a0c5f, org.springframework.test.context.event.EventPublishingTestExecutionListener@4535b6d5, org.springframework.boot.test.mock.mockito.ResetMocksTestExecutionListener@1ecee32c, org.springframework.boot.test.autoconfigure.restdocs.RestDocsTestExecutionListener@4372b9b6, org.springframework.boot.test.autoconfigure.web.client.MockRestServiceServerResetTestExecutionListener@232a7d73, org.springframework.boot.test.autoconfigure.web.servlet.MockMvcPrintOnlyOnFailureTestExecutionListener@4b41e4dd, org.springframework.boot.test.autoconfigure.web.servlet.WebDriverTestExecutionListener@22ffa91a, org.springframework.boot.test.autoconfigure.webservices.client.MockWebServiceServerTestExecutionListener@74960bfa]
2022-03-09 19:10:35 [main] INFO  c.m.d.t.t.k.s.TwitterToKafkaServiceApplicationTests - Starting TwitterToKafkaServiceApplicationTests using Java 11.0.14 on Dors with PID 49324 (started by cecilia in /home/cecilia/Documents/GitHub/microservices-demo/twitter-to-kafka-service)
2022-03-09 19:10:35 [main] INFO  c.m.d.t.t.k.s.TwitterToKafkaServiceApplicationTests - No active profile set, falling back to default profiles: default
2022-03-09 19:10:35 [main] INFO  c.m.d.t.t.k.s.TwitterToKafkaServiceApplicationTests - Started TwitterToKafkaServiceApplicationTests in 0.833 seconds (JVM running for 1.813)
2022-03-09 19:10:35 [main] INFO  c.m.d.t.t.k.s.TwitterToKafkaServiceApplication - App starts
2022-03-09 19:10:35 [main] INFO  c.m.d.t.t.k.s.TwitterToKafkaServiceApplication - [Java, Microservices, Spring, Kafka, Elasticsearch]
2022-03-09 19:10:35 [main] INFO  c.m.d.t.t.k.s.TwitterToKafkaServiceApplication - Hello world!
2022-03-09 19:10:35 [Twitter Stream consumer /  [1][initializing]] INFO  twitter4j.TwitterStreamImpl - Establishing connection.
2022-03-09 19:10:35 [main] INFO  c.m.d.t.t.k.s.r.i.TwitterKafkaStreamRunner - Started filtering twitter stream for [Java, Microservices, Spring, Kafka, Elasticsearch]
2022-03-09 19:10:36 [SpringApplicationShutdownHook] INFO  c.m.d.t.t.k.s.r.i.TwitterKafkaStreamRunner - Closing twitter stream
2022-03-09 20:29:21 [main] INFO  o.s.b.t.c.SpringBootTestContextBootstrapper - Neither @ContextConfiguration nor @ContextHierarchy found for test class [com.microservices.demo.twitter.to.kafka.service.TwitterToKafkaServiceApplicationTests], using SpringBootContextLoader
2022-03-09 20:29:21 [main] INFO  o.s.t.c.s.AbstractContextLoader - Could not detect default resource locations for test class [com.microservices.demo.twitter.to.kafka.service.TwitterToKafkaServiceApplicationTests]: no resource found for suffixes {-context.xml, Context.groovy}.
2022-03-09 20:29:21 [main] INFO  o.s.t.c.s.AnnotationConfigContextLoaderUtils - Could not detect default configuration classes for test class [com.microservices.demo.twitter.to.kafka.service.TwitterToKafkaServiceApplicationTests]: TwitterToKafkaServiceApplicationTests does not declare any static, non-private, non-final, nested classes annotated with @Configuration.
2022-03-09 20:29:21 [main] INFO  o.s.b.t.c.SpringBootTestContextBootstrapper - Found @SpringBootConfiguration com.microservices.demo.twitter.to.kafka.service.TwitterToKafkaServiceApplication for test class com.microservices.demo.twitter.to.kafka.service.TwitterToKafkaServiceApplicationTests
2022-03-09 20:29:21 [main] INFO  o.s.b.t.c.SpringBootTestContextBootstrapper - Loaded default TestExecutionListener class names from location [META-INF/spring.factories]: [org.springframework.boot.test.mock.mockito.MockitoTestExecutionListener, org.springframework.boot.test.mock.mockito.ResetMocksTestExecutionListener, org.springframework.boot.test.autoconfigure.restdocs.RestDocsTestExecutionListener, org.springframework.boot.test.autoconfigure.web.client.MockRestServiceServerResetTestExecutionListener, org.springframework.boot.test.autoconfigure.web.servlet.MockMvcPrintOnlyOnFailureTestExecutionListener, org.springframework.boot.test.autoconfigure.web.servlet.WebDriverTestExecutionListener, org.springframework.boot.test.autoconfigure.webservices.client.MockWebServiceServerTestExecutionListener, org.springframework.test.context.web.ServletTestExecutionListener, org.springframework.test.context.support.DirtiesContextBeforeModesTestExecutionListener, org.springframework.test.context.event.ApplicationEventsTestExecutionListener, org.springframework.test.context.support.DependencyInjectionTestExecutionListener, org.springframework.test.context.support.DirtiesContextTestExecutionListener, org.springframework.test.context.transaction.TransactionalTestExecutionListener, org.springframework.test.context.jdbc.SqlScriptsTestExecutionListener, org.springframework.test.context.event.EventPublishingTestExecutionListener]
2022-03-09 20:29:21 [main] INFO  o.s.b.t.c.SpringBootTestContextBootstrapper - Using TestExecutionListeners: [org.springframework.test.context.support.DirtiesContextBeforeModesTestExecutionListener@35e5d0e5, org.springframework.test.context.event.ApplicationEventsTestExecutionListener@73173f63, org.springframework.boot.test.mock.mockito.MockitoTestExecutionListener@55562aa9, org.springframework.boot.test.autoconfigure.SpringBootDependencyInjectionTestExecutionListener@655ef322, org.springframework.test.context.support.DirtiesContextTestExecutionListener@7e276594, org.springframework.test.context.transaction.TransactionalTestExecutionListener@3401a114, org.springframework.test.context.jdbc.SqlScriptsTestExecutionListener@5066d65f, org.springframework.test.context.event.EventPublishingTestExecutionListener@4233e892, org.springframework.boot.test.mock.mockito.ResetMocksTestExecutionListener@77d2e85, org.springframework.boot.test.autoconfigure.restdocs.RestDocsTestExecutionListener@3ecd267f, org.springframework.boot.test.autoconfigure.web.client.MockRestServiceServerResetTestExecutionListener@58ffcbd7, org.springframework.boot.test.autoconfigure.web.servlet.MockMvcPrintOnlyOnFailureTestExecutionListener@555cf22, org.springframework.boot.test.autoconfigure.web.servlet.WebDriverTestExecutionListener@6bb2d00b, org.springframework.boot.test.autoconfigure.webservices.client.MockWebServiceServerTestExecutionListener@3c9bfddc]
2022-03-09 20:29:21 [main] INFO  c.m.d.t.t.k.s.TwitterToKafkaServiceApplicationTests - Starting TwitterToKafkaServiceApplicationTests using Java 11.0.14 on Dors with PID 52238 (started by cecilia in /home/cecilia/Documents/GitHub/microservices-demo/twitter-to-kafka-service)
2022-03-09 20:29:21 [main] INFO  c.m.d.t.t.k.s.TwitterToKafkaServiceApplicationTests - No active profile set, falling back to default profiles: default
2022-03-09 20:29:22 [main] INFO  o.a.k.c.admin.AdminClientConfig - AdminClientConfig values: 
	bootstrap.servers = [localhost:19092, localhost:29092, localhost:39092]
	client.dns.lookup = use_all_dns_ips
	client.id = 
	connections.max.idle.ms = 300000
	default.api.timeout.ms = 60000
	metadata.max.age.ms = 300000
	metric.reporters = []
	metrics.num.samples = 2
	metrics.recording.level = INFO
	metrics.sample.window.ms = 30000
	receive.buffer.bytes = 65536
	reconnect.backoff.max.ms = 1000
	reconnect.backoff.ms = 50
	request.timeout.ms = 30000
	retries = 2147483647
	retry.backoff.ms = 100
	sasl.client.callback.handler.class = null
	sasl.jaas.config = null
	sasl.kerberos.kinit.cmd = /usr/bin/kinit
	sasl.kerberos.min.time.before.relogin = 60000
	sasl.kerberos.service.name = null
	sasl.kerberos.ticket.renew.jitter = 0.05
	sasl.kerberos.ticket.renew.window.factor = 0.8
	sasl.login.callback.handler.class = null
	sasl.login.class = null
	sasl.login.refresh.buffer.seconds = 300
	sasl.login.refresh.min.period.seconds = 60
	sasl.login.refresh.window.factor = 0.8
	sasl.login.refresh.window.jitter = 0.05
	sasl.mechanism = GSSAPI
	security.protocol = PLAINTEXT
	security.providers = null
	send.buffer.bytes = 131072
	socket.connection.setup.timeout.max.ms = 30000
	socket.connection.setup.timeout.ms = 10000
	ssl.cipher.suites = null
	ssl.enabled.protocols = [TLSv1.2, TLSv1.3]
	ssl.endpoint.identification.algorithm = https
	ssl.engine.factory.class = null
	ssl.key.password = null
	ssl.keymanager.algorithm = SunX509
	ssl.keystore.certificate.chain = null
	ssl.keystore.key = null
	ssl.keystore.location = null
	ssl.keystore.password = null
	ssl.keystore.type = JKS
	ssl.protocol = TLSv1.3
	ssl.provider = null
	ssl.secure.random.implementation = null
	ssl.trustmanager.algorithm = PKIX
	ssl.truststore.certificates = null
	ssl.truststore.location = null
	ssl.truststore.password = null
	ssl.truststore.type = JKS

2022-03-09 20:29:22 [main] INFO  o.a.kafka.common.utils.AppInfoParser - Kafka version: 3.0.0
2022-03-09 20:29:22 [main] INFO  o.a.kafka.common.utils.AppInfoParser - Kafka commitId: 8cb0a5e9d3441962
2022-03-09 20:29:22 [main] INFO  o.a.kafka.common.utils.AppInfoParser - Kafka startTimeMs: 1646857762794
2022-03-09 20:29:23 [main] INFO  c.m.d.t.t.k.s.TwitterToKafkaServiceApplicationTests - Started TwitterToKafkaServiceApplicationTests in 2.22 seconds (JVM running for 3.307)
2022-03-09 20:29:23 [main] INFO  c.m.d.t.t.k.s.TwitterToKafkaServiceApplication - App starts
2022-03-09 20:29:23 [main] INFO  c.m.d.k.a.client.KafkaAdminClient - Creating 1 topics, attempt 0
2022-03-09 20:29:23 [main] INFO  c.m.d.k.a.client.KafkaAdminClient - Reading kafka topic [twitter-topic], attempt 0
2022-03-09 20:29:24 [main] INFO  c.m.d.t.t.k.s.i.i.KafkaStreamInitializer - Topics with name twitter-topic are ready
2022-03-09 20:29:24 [main] INFO  c.m.d.t.t.k.s.r.i.TwitterKafkaStreamRunner - Started filtering twitter stream for [Java, Microservices, Spring, Kafka, Elasticsearch]
2022-03-09 20:29:24 [Twitter Stream consumer /  [1][initializing]] INFO  twitter4j.TwitterStreamImpl - Establishing connection.
2022-03-09 20:29:25 [Twitter Stream consumer /  [1][Establishing connection]] INFO  twitter4j.TwitterStreamImpl - Connection established.
2022-03-09 20:29:25 [Twitter Stream consumer /  [1][Establishing connection]] INFO  twitter4j.TwitterStreamImpl - Receiving status stream.
2022-03-09 20:29:25 [Twitter Stream consumer /  [1][Receiving stream]] INFO  twitter4j.TwitterStreamImpl - Task twitter4j.StatusStreamBase$1@54624b94 rejected from java.util.concurrent.ThreadPoolExecutor@214ce8a3[Terminated, pool size = 0, active threads = 0, queued tasks = 0, completed tasks = 0]
2022-03-09 20:29:26 [kafka-admin-client-thread | adminclient-1] INFO  o.a.kafka.common.utils.AppInfoParser - App info kafka.admin.client for adminclient-1 unregistered
2022-03-09 20:29:26 [kafka-admin-client-thread | adminclient-1] INFO  o.a.kafka.common.metrics.Metrics - Metrics scheduler closed
2022-03-09 20:29:26 [kafka-admin-client-thread | adminclient-1] INFO  o.a.kafka.common.metrics.Metrics - Closing reporter org.apache.kafka.common.metrics.JmxReporter
2022-03-09 20:29:26 [kafka-admin-client-thread | adminclient-1] INFO  o.a.kafka.common.metrics.Metrics - Metrics reporters closed
2022-03-09 20:29:26 [SpringApplicationShutdownHook] INFO  c.m.d.t.t.k.s.r.i.TwitterKafkaStreamRunner - Closing twitter stream
2022-03-09 20:29:26 [SpringApplicationShutdownHook] INFO  c.m.d.k.p.s.i.TwitterKafkaProducer - Closing kafka producer
