2022-03-09 04:38:18 [main] INFO  c.m.d.t.t.k.s.TwitterToKafkaServiceApplication - Starting TwitterToKafkaServiceApplication using Java 11.0.14.1 on Dors with PID 8161 (/home/cecilia/Documents/GitHub/microservices-demo/twitter-to-kafka-service/target/classes started by cecilia in /home/cecilia/Documents/GitHub/microservices-demo)
2022-03-09 04:38:18 [main] INFO  c.m.d.t.t.k.s.TwitterToKafkaServiceApplication - No active profile set, falling back to default profiles: default
2022-03-09 04:38:18 [main] INFO  c.m.d.t.t.k.s.TwitterToKafkaServiceApplication - Started TwitterToKafkaServiceApplication in 1.044 seconds (JVM running for 1.69)
2022-03-09 04:38:18 [main] INFO  c.m.d.t.t.k.s.TwitterToKafkaServiceApplication - App starts
2022-03-09 04:38:18 [main] INFO  c.m.d.t.t.k.s.TwitterToKafkaServiceApplication - [Java, Microservices, Spring, Kafka, Elasticsearch]
2022-03-09 04:38:18 [main] INFO  c.m.d.t.t.k.s.TwitterToKafkaServiceApplication - Hello world!
2022-03-09 04:38:18 [Twitter Stream consumer /  [1][initializing]] INFO  twitter4j.TwitterStreamImpl - Establishing connection.
2022-03-09 04:38:18 [main] INFO  c.m.d.t.t.k.s.r.i.TwitterKafkaStreamRunner - Started filtering twitter stream for [Java, Microservices, Spring, Kafka, Elasticsearch]
2022-03-09 04:38:19 [Twitter Stream consumer /  [1][Establishing connection]] INFO  twitter4j.TwitterStreamImpl - Connection established.
2022-03-09 04:38:19 [Twitter Stream consumer /  [1][Establishing connection]] INFO  twitter4j.TwitterStreamImpl - Receiving status stream.
2022-03-09 04:38:19 [Twitter4J Async Dispatcher[0]] INFO  c.m.d.t.t.k.s.l.TwitterKafkaStatusListener - Twitter status with text RT @imgc_k: 小さいスペースですが東京のギャラリーでの展示販売は初めてかもしれません。
よろしければ観にきてね。16〜21日はすぐ隣にあるギャラリーEASTに在廊してるから呼ばれたらすぐ行きます。
2022-03-09 04:38:19 [Twitter4J Async Dispatcher[0]] INFO  c.m.d.t.t.k.s.l.TwitterKafkaStatusListener - Twitter status with text RT @_gastt: Leaf Bags from Jean Paul Gaultier Spring 2010 Couture. https://t.co/A0LSheiI5o
2022-03-09 04:38:19 [Twitter4J Async Dispatcher[0]] INFO  c.m.d.t.t.k.s.l.TwitterKafkaStatusListener - Twitter status with text RT @MJoyArt: Spring time bulbasaur. [pokemon] https://t.co/KXr4aDzUO7
2022-03-09 04:38:19 [Twitter4J Async Dispatcher[0]] INFO  c.m.d.t.t.k.s.l.TwitterKafkaStatusListener - Twitter status with text Oh iki playlist q hrus hapalkan @haaaanniiiii @Shintiaaa5
2022-03-09 04:38:19 [Twitter4J Async Dispatcher[0]] INFO  c.m.d.t.t.k.s.l.TwitterKafkaStatusListener - Twitter status with text RT @Boaboa_: 🍃🌸🍃Spring has come🍃🌸🍃BE:FIRST has released a new song "Bye-Good-Bye"

Listening to #BEFIRST's songs, like #Gifted and #ByeGood…
2022-03-09 04:38:20 [Twitter4J Async Dispatcher[0]] INFO  c.m.d.t.t.k.s.l.TwitterKafkaStatusListener - Twitter status with text RT @ninomaeinanis: Spring time = w= https://t.co/mdDGhhvjpp
2022-03-09 04:38:20 [Twitter4J Async Dispatcher[0]] INFO  c.m.d.t.t.k.s.l.TwitterKafkaStatusListener - Twitter status with text RT @SpringNuts_: Now if you're lookin' for a hero
Someone to save the day
Well darlin' my feet
They're made of clay
But I've got somethin'…
2022-03-09 04:38:20 [Twitter4J Async Dispatcher[0]] INFO  c.m.d.t.t.k.s.l.TwitterKafkaStatusListener - Twitter status with text RT @cheolscafe: Seventeen’s Campfire was voted as one of the top songs to listen to in Spring. 

@pledis_17 #SEVENTEEN https://t.co/trZHE3e…
2022-03-09 04:38:21 [Twitter4J Async Dispatcher[0]] INFO  c.m.d.t.t.k.s.l.TwitterKafkaStatusListener - Twitter status with text RT @programmerjoke9: Eyesight = disabled;#100Daysofcode #javascript #programming #dev #linux #java #programming #CodeNewbie #python #reactj…
2022-03-09 04:38:21 [Twitter4J Async Dispatcher[0]] INFO  c.m.d.t.t.k.s.l.TwitterKafkaStatusListener - Twitter status with text RT @Ayanonno3232: 🌸MODECON in the spring🌸
Final✨2/21～3/27
絶対グランプリ！！！

❥固定RT🌟このツイートが対象
・1RT100pt
・3/24(木)までのRTが対象

❥Web投票
・1投票20pt (1日1回24hご…
2022-03-09 04:38:21 [Twitter4J Async Dispatcher[0]] INFO  c.m.d.t.t.k.s.l.TwitterKafkaStatusListener - Twitter status with text RT @_gastt: Leaf Bags from Jean Paul Gaultier Spring 2010 Couture. https://t.co/A0LSheiI5o
2022-03-09 04:38:21 [Twitter4J Async Dispatcher[0]] INFO  c.m.d.t.t.k.s.l.TwitterKafkaStatusListener - Twitter status with text RT @siwonchoi: 날씨 좋네. Spring is near. https://t.co/M4oCs9P8U1
2022-03-09 04:38:21 [Twitter4J Async Dispatcher[0]] INFO  c.m.d.t.t.k.s.l.TwitterKafkaStatusListener - Twitter status with text @foxypeachie :( mau ke paris (bukan van java) :(
2022-03-09 04:38:22 [Twitter4J Async Dispatcher[0]] INFO  c.m.d.t.t.k.s.l.TwitterKafkaStatusListener - Twitter status with text RT @Inafr_officiel: 1955. En pleine guerre froide, Boris Vian compose «La Java des bombes atomiques». La chanson ne sera éditée qu'à 400 ex…
2022-03-09 04:38:22 [Twitter4J Async Dispatcher[0]] INFO  c.m.d.t.t.k.s.l.TwitterKafkaStatusListener - Twitter status with text RT @AboutXiaoZhan: NARS & brand spokesperson Xiao Zhan welcome the arrival of spring! 

The new colors of spring, depicting the beauty of t…
2022-03-09 04:38:22 [Twitter4J Async Dispatcher[0]] INFO  c.m.d.t.t.k.s.l.TwitterKafkaStatusListener - Twitter status with text RT @fuzuli_34: "Pes ettiğimden değil. Olmayacağını gözüme soka soka gösterdiğin için vazgeçtim."

Franz Kafka
2022-03-09 04:38:22 [Twitter4J Async Dispatcher[0]] INFO  c.m.d.t.t.k.s.l.TwitterKafkaStatusListener - Twitter status with text RT @ChikageWeather: NEXT 7 DAYS:
Spring to winter to spring.
-> Friday temps fall all day. Can't rule out some light rain mixing with sleet…
2022-03-09 04:38:23 [Twitter4J Async Dispatcher[0]] INFO  c.m.d.t.t.k.s.l.TwitterKafkaStatusListener - Twitter status with text in spring / summer i have a fanny pack
2022-03-09 04:38:23 [Twitter4J Async Dispatcher[0]] INFO  c.m.d.t.t.k.s.l.TwitterKafkaStatusListener - Twitter status with text RT @OdenbachWitt: Spring is coming ☀️🐝 https://t.co/yajaJB6iqk
2022-03-09 04:38:23 [Twitter4J Async Dispatcher[0]] INFO  c.m.d.t.t.k.s.l.TwitterKafkaStatusListener - Twitter status with text RT @strawbunnycakes: I worked hard designing this and put out a lot of my own money into getting him made, only to get underwhelming amount…
2022-03-09 04:38:23 [Twitter4J Async Dispatcher[0]] INFO  c.m.d.t.t.k.s.l.TwitterKafkaStatusListener - Twitter status with text RT @foolishupdates_: he went to go investigate it, destroyed it and burned it in blue fire.
maybe its just the spring time blooms...
2022-03-09 04:38:23 [Twitter4J Async Dispatcher[0]] INFO  c.m.d.t.t.k.s.l.TwitterKafkaStatusListener - Twitter status with text RT @_gastt: Leaf Bags from Jean Paul Gaultier Spring 2010 Couture. https://t.co/A0LSheiI5o
2022-03-09 04:38:24 [Twitter4J Async Dispatcher[0]] INFO  c.m.d.t.t.k.s.l.TwitterKafkaStatusListener - Twitter status with text Spring semester always the hardest semester😤
2022-03-09 04:38:24 [Twitter4J Async Dispatcher[0]] INFO  c.m.d.t.t.k.s.l.TwitterKafkaStatusListener - Twitter status with text I love them
2022-03-09 04:38:24 [Twitter4J Async Dispatcher[0]] INFO  c.m.d.t.t.k.s.l.TwitterKafkaStatusListener - Twitter status with text agr tô vendo a spring summer e imaginando o taehyung nelas
2022-03-09 04:38:24 [Twitter4J Async Dispatcher[0]] INFO  c.m.d.t.t.k.s.l.TwitterKafkaStatusListener - Twitter status with text RT @_gastt: Leaf Bags from Jean Paul Gaultier Spring 2010 Couture. https://t.co/A0LSheiI5o
2022-03-09 04:38:26 [Twitter4J Async Dispatcher[0]] INFO  c.m.d.t.t.k.s.l.TwitterKafkaStatusListener - Twitter status with text RT @pj_sekai: 🎮プロジェクトセカイ
Championship 2022 Spring🏆

オンライン二次予選の結果を発表いたしましたので、マイページにてご確認ください📝

マイページはこちら👉https://t.co/V3D2bvJEGY

#初音ミク #プロセカ…
2022-03-09 04:38:26 [Twitter4J Async Dispatcher[0]] INFO  c.m.d.t.t.k.s.l.TwitterKafkaStatusListener - Twitter status with text RT @KaurSeShor: In this video @ZelenskyyUa is welcoming the spring from Kyiv's govt. quarter and saying  “Everything is fine. We will overc…
2022-03-09 04:38:26 [Twitter4J Async Dispatcher[0]] INFO  c.m.d.t.t.k.s.l.TwitterKafkaStatusListener - Twitter status with text RT @Vstars_TaeTae: @VTrendSongs @BTS_twt KTHS DOMINATING BILLBOARD

Spring Day

Listen and stream #V_ChristmasTree #ChristmasTree by #V 'Ou…
2022-03-09 04:38:27 [Twitter4J Async Dispatcher[0]] INFO  c.m.d.t.t.k.s.l.TwitterKafkaStatusListener - Twitter status with text RT @gp_pulipaka: What Netflix Learned in Adopting RESTful. (API). #BigData #Analytics #MachineLearning #DataScience #AI #IoT #IIoT #PyTorch…
2022-03-09 04:38:27 [Twitter4J Async Dispatcher[0]] INFO  c.m.d.t.t.k.s.l.TwitterKafkaStatusListener - Twitter status with text RT @cheolscafe: Seventeen’s Campfire was voted as one of the top songs to listen to in Spring. 

@pledis_17 #SEVENTEEN https://t.co/trZHE3e…
2022-03-09 04:38:27 [Twitter4J Async Dispatcher[0]] INFO  c.m.d.t.t.k.s.l.TwitterKafkaStatusListener - Twitter status with text RT @felix_light: “Everything is fine. We will overcome” - Zelensky’s latest video, in which he greets the start of spring from Kyiv’s gover…
2022-03-09 04:38:27 [Twitter4J Async Dispatcher[0]] INFO  c.m.d.t.t.k.s.l.TwitterKafkaStatusListener - Twitter status with text RT @jkscupofmilk: Setlist for PTD ON STAGE SEOUL so far

• ON
• PTD
• FIRE
• DOPE
• BUTTER
• DYNAMITE
• BLUE & GREY
• BLACK SWAN
• LIFE GOE…
2022-03-09 04:38:27 [Twitter4J Async Dispatcher[0]] INFO  c.m.d.t.t.k.s.l.TwitterKafkaStatusListener - Twitter status with text RT @pj_sekai: 🎮プロジェクトセカイ
Championship 2022 Spring🏆

オンライン二次予選の結果を発表いたしましたので、マイページにてご確認ください📝

マイページはこちら👉https://t.co/V3D2bvJEGY

#初音ミク #プロセカ…
2022-03-09 04:38:27 [Twitter4J Async Dispatcher[0]] INFO  c.m.d.t.t.k.s.l.TwitterKafkaStatusListener - Twitter status with text RT @fuzuli_34: "Pes ettiğimden değil. Olmayacağını gözüme soka soka gösterdiğin için vazgeçtim."

Franz Kafka
2022-03-09 04:38:27 [Twitter4J Async Dispatcher[0]] INFO  c.m.d.t.t.k.s.l.TwitterKafkaStatusListener - Twitter status with text RT @TopekaMetro: Don't forget to change your clocks this weekend! Sunday, March 13th is when we lose an hour (sniff, sniff 😢) for Daylight…
2022-03-09 04:38:28 [Twitter4J Async Dispatcher[0]] INFO  c.m.d.t.t.k.s.l.TwitterKafkaStatusListener - Twitter status with text RT @ninomaeinanis: Spring time = w= https://t.co/mdDGhhvjpp
2022-03-09 04:38:28 [Twitter4J Async Dispatcher[0]] INFO  c.m.d.t.t.k.s.l.TwitterKafkaStatusListener - Twitter status with text RT @sergio_ruy: 2 milhões de requisições por minuto. Esse backend do BBB é feito em que? Java, C#, Golang ou outra?
cc: @sseraphini
2022-03-09 04:38:28 [Twitter4J Async Dispatcher[0]] INFO  c.m.d.t.t.k.s.l.TwitterKafkaStatusListener - Twitter status with text RT @DigitalEdwyn: The Machine learning Flowchart. #BigData #Analytics #DataScience #AI #MachineLearning #IoT #IIoT #PyTorch #Python #RStats…
2022-03-09 04:38:29 [Twitter4J Async Dispatcher[0]] INFO  c.m.d.t.t.k.s.l.TwitterKafkaStatusListener - Twitter status with text @weenieacab @jespookie yeah :( fall is 12 weeks, winter is 10, and spring is 12 

idk why they call it quarters when there’s three of them but
2022-03-09 04:38:29 [Twitter4J Async Dispatcher[0]] INFO  c.m.d.t.t.k.s.l.TwitterKafkaStatusListener - Twitter status with text RT @felix_light: “Everything is fine. We will overcome” - Zelensky’s latest video, in which he greets the start of spring from Kyiv’s gover…
2022-03-09 04:38:29 [Twitter4J Async Dispatcher[0]] INFO  c.m.d.t.t.k.s.l.TwitterKafkaStatusListener - Twitter status with text This is adorbs
2022-03-09 04:38:29 [Twitter4J Async Dispatcher[0]] INFO  c.m.d.t.t.k.s.l.TwitterKafkaStatusListener - Twitter status with text i cant describe what i feel for you, but there are songs that can💙

https://t.co/QddpuTxZor
2022-03-09 04:38:30 [Twitter4J Async Dispatcher[0]] INFO  c.m.d.t.t.k.s.l.TwitterKafkaStatusListener - Twitter status with text RT @mKasuleCoder: Hey developers, I just wanted to share this with you.

Build Strength from Struggle!!

#100daysofcode #CodeNewbie #devcom…
2022-03-09 04:38:30 [Twitter4J Async Dispatcher[0]] INFO  c.m.d.t.t.k.s.l.TwitterKafkaStatusListener - Twitter status with text 【定期】マイクラはjava,be(pc,switch)をやっています
2022-03-09 04:38:30 [Twitter4J Async Dispatcher[0]] INFO  c.m.d.t.t.k.s.l.TwitterKafkaStatusListener - Twitter status with text So it's going to be that time of year going to do some spring cleaning instead of some more work to do with the Miracle whip I've relived a lot of things in my life you know what I make the same mistakes again would they be less would they be greater
2022-03-09 04:38:31 [Twitter4J Async Dispatcher[0]] INFO  c.m.d.t.t.k.s.l.TwitterKafkaStatusListener - Twitter status with text i need it 🤒
2022-03-09 04:38:32 [Twitter4J Async Dispatcher[0]] INFO  c.m.d.t.t.k.s.l.TwitterKafkaStatusListener - Twitter status with text RT @acnh_kayleen: Welcome to the 🌿Enchanted🌿 Forest, a spring gaming setup update ✨

https://t.co/w3RiFpNFrb https://t.co/U76Cpoy893
2022-03-09 04:38:32 [Twitter4J Async Dispatcher[0]] INFO  c.m.d.t.t.k.s.l.TwitterKafkaStatusListener - Twitter status with text RT @_gastt: Leaf Bags from Jean Paul Gaultier Spring 2010 Couture. https://t.co/A0LSheiI5o
2022-03-09 04:38:32 [Twitter4J Async Dispatcher[0]] INFO  c.m.d.t.t.k.s.l.TwitterKafkaStatusListener - Twitter status with text RT @fuzuli_34: "Pes ettiğimden değil. Olmayacağını gözüme soka soka gösterdiğin için vazgeçtim."

Franz Kafka
2022-03-09 04:38:32 [Twitter4J Async Dispatcher[0]] INFO  c.m.d.t.t.k.s.l.TwitterKafkaStatusListener - Twitter status with text RT @ninomaeinanis: Spring time = w= https://t.co/mdDGhhvjpp
2022-03-09 04:38:32 [Twitter4J Async Dispatcher[0]] INFO  c.m.d.t.t.k.s.l.TwitterKafkaStatusListener - Twitter status with text RT @acnh_kayleen: Welcome to the 🌿Enchanted🌿 Forest, a spring gaming setup update ✨

https://t.co/w3RiFpNFrb https://t.co/U76Cpoy893
2022-03-09 04:38:33 [Twitter4J Async Dispatcher[0]] INFO  c.m.d.t.t.k.s.l.TwitterKafkaStatusListener - Twitter status with text RT @jkscupofmilk: Setlist for PTD ON STAGE SEOUL so far

• ON
• PTD
• FIRE
• DOPE
• BUTTER
• DYNAMITE
• BLUE & GREY
• BLACK SWAN
• LIFE GOE…
2022-03-09 04:38:34 [Twitter4J Async Dispatcher[0]] INFO  c.m.d.t.t.k.s.l.TwitterKafkaStatusListener - Twitter status with text current update:

Teir 1 boxes left: 4
Teir 2: sold out 
Spring: 4
Summer: 6
Autumn: 4
Winter: 4
2022-03-09 04:38:34 [Twitter4J Async Dispatcher[0]] INFO  c.m.d.t.t.k.s.l.TwitterKafkaStatusListener - Twitter status with text RT @koreansales_twt: Worldwide iTunes Album Chart
(8 March)

7. #JacksonWang "LOST & FOUND"
71. #TREASURE "THE SECOND STEP : CHAPTER ONE"
7…
2022-03-09 04:38:35 [Twitter4J Async Dispatcher[0]] INFO  c.m.d.t.t.k.s.l.TwitterKafkaStatusListener - Twitter status with text RT @chequeredpast: New underwear for spring. How does it look? #silverdaddies #dad #bellydad #bananahammock https://t.co/ZWMAsx0ibK
2022-03-09 04:38:35 [Twitter4J Async Dispatcher[0]] INFO  c.m.d.t.t.k.s.l.TwitterKafkaStatusListener - Twitter status with text RT @matsutakegohan1: 今年もやります！
イベントのオーナーを @yokoji が担当し、DayOneをテーマにして開催いたします。
広くエンジニアの方を中心に楽しめるかと思います。
参加はこちらから！
https://t.co/mkNwHaENVZ

LPは…
2022-03-09 04:38:35 [Twitter4J Async Dispatcher[0]] INFO  c.m.d.t.t.k.s.l.TwitterKafkaStatusListener - Twitter status with text RT @mKasuleCoder: Hey developers, I just wanted to share this with you.

Build Strength from Struggle!!

#100daysofcode #CodeNewbie #devcom…
2022-03-09 04:38:35 [Twitter4J Async Dispatcher[0]] INFO  c.m.d.t.t.k.s.l.TwitterKafkaStatusListener - Twitter status with text RT @acnh_kayleen: Welcome to the 🌿Enchanted🌿 Forest, a spring gaming setup update ✨

https://t.co/w3RiFpNFrb https://t.co/U76Cpoy893
2022-03-09 04:38:36 [Twitter4J Async Dispatcher[0]] INFO  c.m.d.t.t.k.s.l.TwitterKafkaStatusListener - Twitter status with text RT @Planet_Chad: I have beautiful #nature and #wildlife #photography for your home this spring #SpringForArt  #ThisSpringBuyArt #birdwatchi…
2022-03-09 04:38:37 [Twitter4J Async Dispatcher[0]] INFO  c.m.d.t.t.k.s.l.TwitterKafkaStatusListener - Twitter status with text … nah they better keep this energy for vegas 😭 we want to here it too
2022-03-09 04:38:37 [Twitter4J Async Dispatcher[0]] INFO  c.m.d.t.t.k.s.l.TwitterKafkaStatusListener - Twitter status with text If you have minecraft java you should definitely join me rn
2022-03-09 04:38:37 [Twitter4J Async Dispatcher[0]] INFO  c.m.d.t.t.k.s.l.TwitterKafkaStatusListener - Twitter status with text RT @felix_light: “Everything is fine. We will overcome” - Zelensky’s latest video, in which he greets the start of spring from Kyiv’s gover…
2022-03-09 04:38:38 [Twitter4J Async Dispatcher[0]] INFO  c.m.d.t.t.k.s.l.TwitterKafkaStatusListener - Twitter status with text RT @whitchcrafts: 🌺🌵 intro to spring 🌵🌺

now live✨
only 8 candles available 💚 https://t.co/ffsJR3iqXm
2022-03-09 04:38:38 [Twitter4J Async Dispatcher[0]] INFO  c.m.d.t.t.k.s.l.TwitterKafkaStatusListener - Twitter status with text @play_pso2 WHAT on Spring??? 🤨🤨🤨🤨
2022-03-09 04:38:39 [Twitter4J Async Dispatcher[0]] INFO  c.m.d.t.t.k.s.l.TwitterKafkaStatusListener - Twitter status with text RT @Reidodrive: CURSOS DE PROGRAMAÇÃO

Programação no Android 
https://t.co/h599WOJ8kM

Programação C#
https://t.co/S4t2dMpsyo

Linguagem P…
2022-03-09 04:38:39 [Twitter4J Async Dispatcher[0]] INFO  c.m.d.t.t.k.s.l.TwitterKafkaStatusListener - Twitter status with text RT @mI0I7: spring🌸🌸🌸
#ArtsOfAshes #callillust #TAKAMORI https://t.co/Pr65kEMmns
2022-03-09 04:38:40 [Twitter4J Async Dispatcher[0]] INFO  c.m.d.t.t.k.s.l.TwitterKafkaStatusListener - Twitter status with text RT @kimberleejay1: 90 today in Az!.........Spring is here........!! https://t.co/PnZVoruiK6
2022-03-09 04:38:41 [Twitter4J Async Dispatcher[0]] INFO  c.m.d.t.t.k.s.l.TwitterKafkaStatusListener - Twitter status with text "Rebellion without truth is like spring in a bleak, arid desert."
-Khalil Gibran
2022-03-09 04:38:41 [Twitter4J Async Dispatcher[0]] INFO  c.m.d.t.t.k.s.l.TwitterKafkaStatusListener - Twitter status with text RT @jkscupofmilk: Setlist for PTD ON STAGE SEOUL so far

• ON
• PTD
• FIRE
• DOPE
• BUTTER
• DYNAMITE
• BLUE & GREY
• BLACK SWAN
• LIFE GOE…
2022-03-09 04:38:41 [SpringApplicationShutdownHook] INFO  c.m.d.t.t.k.s.r.i.TwitterKafkaStreamRunner - Closing twitter stream
2022-03-09 05:34:34 [main] INFO  c.m.d.t.t.k.s.TwitterToKafkaServiceApplication - Starting TwitterToKafkaServiceApplication using Java 11.0.14.1 on Dors with PID 9192 (/home/cecilia/Documents/GitHub/microservices-demo/twitter-to-kafka-service/target/classes started by cecilia in /home/cecilia/Documents/GitHub/microservices-demo)
2022-03-09 05:34:34 [main] INFO  c.m.d.t.t.k.s.TwitterToKafkaServiceApplication - No active profile set, falling back to default profiles: default
2022-03-09 05:34:34 [main] INFO  c.m.d.t.t.k.s.TwitterToKafkaServiceApplication - Started TwitterToKafkaServiceApplication in 0.996 seconds (JVM running for 1.615)
2022-03-09 05:34:34 [main] INFO  c.m.d.t.t.k.s.TwitterToKafkaServiceApplication - App starts
2022-03-09 05:34:34 [main] INFO  c.m.d.t.t.k.s.TwitterToKafkaServiceApplication - [Java, Microservices, Spring, Kafka, Elasticsearch]
2022-03-09 05:34:34 [main] INFO  c.m.d.t.t.k.s.TwitterToKafkaServiceApplication - Hello world!
2022-03-09 05:34:34 [main] INFO  c.m.d.t.t.k.s.r.i.MockKafkaStreamRunner - Starting mock filtering twitter stream for keywords [Java, Microservices, Spring, Kafka, Elasticsearch]
2022-03-09 05:34:34 [pool-1-thread-1] INFO  c.m.d.t.t.k.s.l.TwitterKafkaStatusListener - Twitter status with text per pellentesque vestibulum libero ipsum Spring etiam diam posuere faucibus
2022-03-09 05:34:44 [pool-1-thread-1] INFO  c.m.d.t.t.k.s.l.TwitterKafkaStatusListener - Twitter status with text aliquam quis suscipit a habitasse vitae Elasticsearch leo nisl proin aliquam maecenas
2022-03-09 05:34:54 [pool-1-thread-1] INFO  c.m.d.t.t.k.s.l.TwitterKafkaStatusListener - Twitter status with text consectetur per vestibulum dolor quis scelerisque pulvinar ante Microservices libero eleifend molestie mollis sodales felis
2022-03-09 05:35:04 [pool-1-thread-1] INFO  c.m.d.t.t.k.s.l.TwitterKafkaStatusListener - Twitter status with text nulla non volutpat congue Elasticsearch dictum massa porta
2022-03-09 05:35:26 [main] INFO  c.m.d.t.t.k.s.TwitterToKafkaServiceApplication - Starting TwitterToKafkaServiceApplication using Java 11.0.14.1 on Dors with PID 9297 (/home/cecilia/Documents/GitHub/microservices-demo/twitter-to-kafka-service/target/classes started by cecilia in /home/cecilia/Documents/GitHub/microservices-demo)
2022-03-09 05:35:26 [main] INFO  c.m.d.t.t.k.s.TwitterToKafkaServiceApplication - No active profile set, falling back to default profiles: default
2022-03-09 05:35:27 [main] INFO  c.m.d.t.t.k.s.TwitterToKafkaServiceApplication - Started TwitterToKafkaServiceApplication in 0.982 seconds (JVM running for 1.589)
2022-03-09 05:35:27 [main] INFO  c.m.d.t.t.k.s.TwitterToKafkaServiceApplication - App starts
2022-03-09 05:35:27 [main] INFO  c.m.d.t.t.k.s.TwitterToKafkaServiceApplication - [Java, Microservices, Spring, Kafka, Elasticsearch]
2022-03-09 05:35:27 [main] INFO  c.m.d.t.t.k.s.TwitterToKafkaServiceApplication - Hello world!
2022-03-09 05:35:27 [main] INFO  c.m.d.t.t.k.s.r.i.MockKafkaStreamRunner - Starting mock filtering twitter stream for keywords [Java, Microservices, Spring, Kafka, Elasticsearch]
2022-03-09 05:35:27 [pool-1-thread-1] INFO  c.m.d.t.t.k.s.l.TwitterKafkaStatusListener - Twitter status with text nibh ad sodales semper est gravida inceptos Kafka pellentesque malesuada aptent vehicula hac
2022-03-09 05:35:28 [pool-1-thread-1] INFO  c.m.d.t.t.k.s.l.TwitterKafkaStatusListener - Twitter status with text quisque risus neque Microservices tincidunt ante
2022-03-09 05:35:29 [pool-1-thread-1] INFO  c.m.d.t.t.k.s.l.TwitterKafkaStatusListener - Twitter status with text aliquam torquent nostra lectus aliquam ultrices Kafka venenatis nullam feugiat elementum
2022-03-09 05:35:30 [pool-1-thread-1] INFO  c.m.d.t.t.k.s.l.TwitterKafkaStatusListener - Twitter status with text sapien commodo suscipit malesuada nisl rutrum quisque aenean Java ligula aenean vivamus tincidunt justo vestibulum hac
2022-03-09 05:35:31 [pool-1-thread-1] INFO  c.m.d.t.t.k.s.l.TwitterKafkaStatusListener - Twitter status with text fames dapibus tellus mattis morbi Kafka viverra semper sit adipiscing
2022-03-09 05:35:32 [pool-1-thread-1] INFO  c.m.d.t.t.k.s.l.TwitterKafkaStatusListener - Twitter status with text posuere eu fringilla imperdiet ultrices ligula ad praesent Elasticsearch a ullamcorper turpis fusce aliquam ut
2022-03-09 05:35:33 [pool-1-thread-1] INFO  c.m.d.t.t.k.s.l.TwitterKafkaStatusListener - Twitter status with text potenti nisl sapien tellus pellentesque felis tempus auctor Microservices conubia conubia nostra varius aliquam est turpis
2022-03-09 05:35:34 [pool-1-thread-1] INFO  c.m.d.t.t.k.s.l.TwitterKafkaStatusListener - Twitter status with text blandit justo imperdiet consequat aenean at turpis dictumst Microservices integer nullam etiam velit semper tortor curae
2022-03-09 05:35:35 [pool-1-thread-1] INFO  c.m.d.t.t.k.s.l.TwitterKafkaStatusListener - Twitter status with text neque molestie adipiscing nulla porta Kafka eu adipiscing dapibus mi
2022-03-09 05:35:36 [pool-1-thread-1] INFO  c.m.d.t.t.k.s.l.TwitterKafkaStatusListener - Twitter status with text vel senectus arcu facilisis laoreet tincidunt tellus habitasse Microservices suscipit class massa quisque ultricies elit
2022-03-09 05:35:37 [pool-1-thread-1] INFO  c.m.d.t.t.k.s.l.TwitterKafkaStatusListener - Twitter status with text vel nisl magna nostra Microservices dictumst fringilla blandit
2022-03-09 05:35:38 [pool-1-thread-1] INFO  c.m.d.t.t.k.s.l.TwitterKafkaStatusListener - Twitter status with text fermentum turpis a senectus habitant ullamcorper Java justo semper dictumst at
2022-03-09 05:35:39 [pool-1-thread-1] INFO  c.m.d.t.t.k.s.l.TwitterKafkaStatusListener - Twitter status with text ullamcorper cursus primis lorem aliquam Kafka primis amet aliquet
2022-03-09 05:35:46 [main] INFO  c.m.d.t.t.k.s.TwitterToKafkaServiceApplication - Starting TwitterToKafkaServiceApplication using Java 11.0.14.1 on Dors with PID 9399 (/home/cecilia/Documents/GitHub/microservices-demo/twitter-to-kafka-service/target/classes started by cecilia in /home/cecilia/Documents/GitHub/microservices-demo)
2022-03-09 05:35:46 [main] INFO  c.m.d.t.t.k.s.TwitterToKafkaServiceApplication - No active profile set, falling back to default profiles: default
2022-03-09 05:35:47 [main] INFO  c.m.d.t.t.k.s.TwitterToKafkaServiceApplication - Started TwitterToKafkaServiceApplication in 0.999 seconds (JVM running for 1.615)
2022-03-09 05:35:47 [main] INFO  c.m.d.t.t.k.s.TwitterToKafkaServiceApplication - App starts
2022-03-09 05:35:47 [main] INFO  c.m.d.t.t.k.s.TwitterToKafkaServiceApplication - [Java, Microservices, Spring, Kafka, Elasticsearch]
2022-03-09 05:35:47 [main] INFO  c.m.d.t.t.k.s.TwitterToKafkaServiceApplication - Hello world!
2022-03-09 05:35:47 [Twitter Stream consumer /  [1][initializing]] INFO  twitter4j.TwitterStreamImpl - Establishing connection.
2022-03-09 05:35:47 [main] INFO  c.m.d.t.t.k.s.r.i.TwitterKafkaStreamRunner - Started filtering twitter stream for [Java, Microservices, Spring, Kafka, Elasticsearch]
2022-03-09 05:35:47 [Twitter Stream consumer /  [1][Establishing connection]] INFO  twitter4j.TwitterStreamImpl - Connection established.
2022-03-09 05:35:47 [Twitter Stream consumer /  [1][Establishing connection]] INFO  twitter4j.TwitterStreamImpl - Receiving status stream.
2022-03-09 05:35:47 [Twitter4J Async Dispatcher[0]] INFO  c.m.d.t.t.k.s.l.TwitterKafkaStatusListener - Twitter status with text RT @whatndever: feels like spring🌸 https://t.co/ojG47t3e1a
2022-03-09 05:35:47 [Twitter4J Async Dispatcher[0]] INFO  c.m.d.t.t.k.s.l.TwitterKafkaStatusListener - Twitter status with text Outro wings LETS GOOOOOO
2022-03-09 05:35:48 [Twitter4J Async Dispatcher[0]] INFO  c.m.d.t.t.k.s.l.TwitterKafkaStatusListener - Twitter status with text RT @ChrisWTheStar: Spring is coming ☀️ https://t.co/7T6E6lio5g
2022-03-09 05:35:48 [Twitter4J Async Dispatcher[0]] INFO  c.m.d.t.t.k.s.l.TwitterKafkaStatusListener - Twitter status with text wings..
2022-03-09 05:35:49 [Twitter4J Async Dispatcher[0]] INFO  c.m.d.t.t.k.s.l.TwitterKafkaStatusListener - Twitter status with text RT @SarahiousRR34: Spring break is soon, what do you have planned? https://t.co/5YVgxruKyy
2022-03-09 05:35:49 [Twitter4J Async Dispatcher[0]] INFO  c.m.d.t.t.k.s.l.TwitterKafkaStatusListener - Twitter status with text RT @xzhansoul: Nars weibo update with Xiao Zhan! Let’s follow Nars and Brand Spokesperson Xiao Zhan to welcome the arrival of spring!

#Xia…
2022-03-09 05:35:49 [Twitter4J Async Dispatcher[0]] INFO  c.m.d.t.t.k.s.l.TwitterKafkaStatusListener - Twitter status with text RT @islandgodverb: It’s been some nice females in my timeline lately … sheesh  spring is coming
2022-03-09 05:35:49 [Twitter4J Async Dispatcher[0]] INFO  c.m.d.t.t.k.s.l.TwitterKafkaStatusListener - Twitter status with text RT @ameperiwinkle: #GenshinImpact
#chilumi #タル蛍  
Spring day🌸🌸🌸🌸 https://t.co/PsZxhd35cq
2022-03-09 05:35:50 [Twitter4J Async Dispatcher[0]] INFO  c.m.d.t.t.k.s.l.TwitterKafkaStatusListener - Twitter status with text but that’s a pretty name~ adonis, from greek mythology, right? anemones spring from his flesh and blood! the goddess who loved him cries tears of roses!
2022-03-09 05:35:50 [Twitter4J Async Dispatcher[0]] INFO  c.m.d.t.t.k.s.l.TwitterKafkaStatusListener - Twitter status with text RT @ninomaeinanis: Spring time = w= https://t.co/mdDGhhvjpp
2022-03-09 05:35:51 [Twitter4J Async Dispatcher[0]] INFO  c.m.d.t.t.k.s.l.TwitterKafkaStatusListener - Twitter status with text RT @jkscupofmilk: Setlist for PTD ON STAGE SEOUL so far

• ON
• PTD
• FIRE
• DOPE
• BUTTER
• DYNAMITE
• BLUE & GREY
• BLACK SWAN
• LIFE GOE…
2022-03-09 05:35:51 [Twitter4J Async Dispatcher[0]] INFO  c.m.d.t.t.k.s.l.TwitterKafkaStatusListener - Twitter status with text RT @felix_light: “Everything is fine. We will overcome” - Zelensky’s latest video, in which he greets the start of spring from Kyiv’s gover…
2022-03-09 05:35:51 [Twitter4J Async Dispatcher[0]] INFO  c.m.d.t.t.k.s.l.TwitterKafkaStatusListener - Twitter status with text RT @acnh_kayleen: Welcome to the 🌿Enchanted🌿 Forest, a spring gaming setup update ✨

https://t.co/w3RiFpNFrb https://t.co/U76Cpoy893
2022-03-09 05:35:51 [Twitter4J Async Dispatcher[0]] INFO  c.m.d.t.t.k.s.l.TwitterKafkaStatusListener - Twitter status with text Wildlife Wednesday and no camera to capture the Roe Deer I spotted yesterday on my walk so here is one with a spring in her step from this time last year. #Nature #Wildlife #Photography #Deer  🦌💚🌿  💙💛 https://t.co/zoolsTAP67
2022-03-09 05:35:52 [Twitter4J Async Dispatcher[0]] INFO  c.m.d.t.t.k.s.l.TwitterKafkaStatusListener - Twitter status with text RT @play_pso2: Put a spring in your step with a spring gift! 🌸🐤 

Say “Come_on_Spring” in #PSO2NGS to get this Emote! 
Try using the Emote…
2022-03-09 05:35:52 [Twitter4J Async Dispatcher[0]] INFO  c.m.d.t.t.k.s.l.TwitterKafkaStatusListener - Twitter status with text RT @acnh_kayleen: Welcome to the 🌿Enchanted🌿 Forest, a spring gaming setup update ✨

https://t.co/w3RiFpNFrb https://t.co/U76Cpoy893
2022-03-09 05:35:52 [Twitter4J Async Dispatcher[0]] INFO  c.m.d.t.t.k.s.l.TwitterKafkaStatusListener - Twitter status with text RT @siwonchoi: 날씨 좋네. Spring is near. https://t.co/M4oCs9P8U1
2022-03-09 05:35:53 [Twitter4J Async Dispatcher[0]] INFO  c.m.d.t.t.k.s.l.TwitterKafkaStatusListener - Twitter status with text RT @PRNforhappiness: every year's BAU spring's collection is the best! #SonYeJin https://t.co/qxa6Lqv35y
2022-03-09 05:35:54 [Twitter4J Async Dispatcher[0]] INFO  c.m.d.t.t.k.s.l.TwitterKafkaStatusListener - Twitter status with text RT @ninomaeinanis: Spring time = w= https://t.co/mdDGhhvjpp
2022-03-09 05:35:54 [Twitter4J Async Dispatcher[0]] INFO  c.m.d.t.t.k.s.l.TwitterKafkaStatusListener - Twitter status with text Women's Golf Wraps Up SMSU Spring Invite in Ninth #GoHill #NE10EMBRACE #NCAAD2 https://t.co/jPAA6D4wkD
2022-03-09 05:35:54 [Twitter4J Async Dispatcher[0]] INFO  c.m.d.t.t.k.s.l.TwitterKafkaStatusListener - Twitter status with text RT @ninomaeinanis: Spring time = w= https://t.co/mdDGhhvjpp
2022-03-09 05:35:56 [Twitter4J Async Dispatcher[0]] INFO  c.m.d.t.t.k.s.l.TwitterKafkaStatusListener - Twitter status with text RT @acnh_kayleen: Welcome to the 🌿Enchanted🌿 Forest, a spring gaming setup update ✨

https://t.co/w3RiFpNFrb https://t.co/U76Cpoy893
2022-03-09 05:35:56 [Twitter4J Async Dispatcher[0]] INFO  c.m.d.t.t.k.s.l.TwitterKafkaStatusListener - Twitter status with text RT @jkscupofmilk: Setlist for PTD ON STAGE SEOUL so far

• ON
• PTD
• FIRE
• DOPE
• BUTTER
• DYNAMITE
• BLUE & GREY
• BLACK SWAN
• LIFE GOE…
2022-03-09 05:35:56 [Twitter4J Async Dispatcher[0]] INFO  c.m.d.t.t.k.s.l.TwitterKafkaStatusListener - Twitter status with text Goin on a week almost of no voice... you know how hard it is to try not to talk to rest your voice... my voice is still completly gone and it started last friday... im over it was suppose to have a fun spring break with the kids instead im hazey and out of it due to meds...
2022-03-09 05:35:56 [Twitter4J Async Dispatcher[0]] INFO  c.m.d.t.t.k.s.l.TwitterKafkaStatusListener - Twitter status with text RT @GrandCanyonNPS: Visiting Grand Canyon during Spring Break? Lovely time of year, but very crowded. One tip - if arriving from the south…
2022-03-09 05:35:57 [Twitter4J Async Dispatcher[0]] INFO  c.m.d.t.t.k.s.l.TwitterKafkaStatusListener - Twitter status with text Spring water>Purified water
2022-03-09 05:35:57 [Twitter4J Async Dispatcher[0]] INFO  c.m.d.t.t.k.s.l.TwitterKafkaStatusListener - Twitter status with text RT @BTSNewsBrasil: 📍 Até agora alguns ARMYs ouviram essas músicas no Jamsil.

• ON
• PTD
• FIRE
• DOPE
• BUTTER
• DYNAMITE
• BLUE & GREY
•…
2022-03-09 05:35:58 [Twitter4J Async Dispatcher[0]] INFO  c.m.d.t.t.k.s.l.TwitterKafkaStatusListener - Twitter status with text the end gonna be tearjerker hahshahha ily my ot7 </3
2022-03-09 05:35:58 [Twitter4J Async Dispatcher[0]] INFO  c.m.d.t.t.k.s.l.TwitterKafkaStatusListener - Twitter status with text We are open ✅
Breakfast Menu:waffles served with eggs/Sausages and Chicken available for 3000

Lunch Menu:Oriental rice served with sliced beef in spring onions sauce and plantain (shrimps,diced beef)available for 4500

Chill pack available for 6k with wine 

Send in your orders https://t.co/PmZKR9kcEy
2022-03-09 05:35:58 [Twitter4J Async Dispatcher[0]] INFO  c.m.d.t.t.k.s.l.TwitterKafkaStatusListener - Twitter status with text RT @jkscupofmilk: Setlist for PTD ON STAGE SEOUL so far

• ON
• PTD
• FIRE
• DOPE
• BUTTER
• DYNAMITE
• BLUE & GREY
• BLACK SWAN
• LIFE GOE…
2022-03-09 05:36:00 [Twitter4J Async Dispatcher[0]] INFO  c.m.d.t.t.k.s.l.TwitterKafkaStatusListener - Twitter status with text im not ready for this 😭
2022-03-09 05:36:00 [Twitter4J Async Dispatcher[0]] INFO  c.m.d.t.t.k.s.l.TwitterKafkaStatusListener - Twitter status with text RT @tedgioia: I just sent this article to my son, who will be graduating with a philosophy degree this spring. https://t.co/j8oEtIrEc3 http…
2022-03-09 05:36:01 [Twitter4J Async Dispatcher[0]] INFO  c.m.d.t.t.k.s.l.TwitterKafkaStatusListener - Twitter status with text RT @DWGKIA: 2022 LCK Spring vs GEN

DWG KIA is getting more and more in sync!
We will show you our growth in today's game.

점점 더 합이 맞아가는 DW…
2022-03-09 05:36:02 [Twitter4J Async Dispatcher[0]] INFO  c.m.d.t.t.k.s.l.TwitterKafkaStatusListener - Twitter status with text RT @jkscupofmilk: Setlist for PTD ON STAGE SEOUL so far

• ON
• PTD
• FIRE
• DOPE
• BUTTER
• DYNAMITE
• BLUE & GREY
• BLACK SWAN
• LIFE GOE…
2022-03-09 05:36:02 [Twitter4J Async Dispatcher[0]] INFO  c.m.d.t.t.k.s.l.TwitterKafkaStatusListener - Twitter status with text Amazon March Let's Get Lucky Giveaway Hop @utsadeli @dvidgamehunter #giveaway #rt #March #saintpatricksday #Spring BTEvents https://t.co/o8L5Hf1ZL6
2022-03-09 05:36:04 [Twitter4J Async Dispatcher[0]] INFO  c.m.d.t.t.k.s.l.TwitterKafkaStatusListener - Twitter status with text RT @magicalshroomco: Candle Spring Cleaning 🕯️🌿✨

I have a TON of candle inventory & I really need to make room so I have some codes for sa…
2022-03-09 05:36:05 [Twitter4J Async Dispatcher[0]] INFO  c.m.d.t.t.k.s.l.TwitterKafkaStatusListener - Twitter status with text RT @Iran_Style: Spring is in the air inside out! 

Photo credits: Aron Hana & Taudis

#IWD #Nowruz #travel #IranStyle🧿🌸 https://t.co/EIF1wu…
2022-03-09 05:36:05 [Twitter4J Async Dispatcher[0]] INFO  c.m.d.t.t.k.s.l.TwitterKafkaStatusListener - Twitter status with text RT @jkscupofmilk: Setlist for PTD ON STAGE SEOUL so far

• ON
• PTD
• FIRE
• DOPE
• BUTTER
• DYNAMITE
• BLUE & GREY
• BLACK SWAN
• LIFE GOE…
2022-03-09 05:36:05 [Twitter4J Async Dispatcher[0]] INFO  c.m.d.t.t.k.s.l.TwitterKafkaStatusListener - Twitter status with text 🅾️ 🎙NEW Episode‼️
👉🏼 https://t.co/uvG832sfN2
2022 First Spring Football Coaches Interviews
⭐️ Ryan Day
⭐️ Jim Knowles
⭐️ Kevin Wilson
⭐️ NO COMMERCIALS!!! The ONLY commercial-free Ohio State podcast.
#Buckeyes #GoBucks #OhioState #OSU #BuckeyeNation #GoBuckeyes
👉🏼 Visit The Site https://t.co/FERe8xREUv
2022-03-09 05:36:05 [Twitter4J Async Dispatcher[0]] INFO  c.m.d.t.t.k.s.l.TwitterKafkaStatusListener - Twitter status with text RT @ctzdaily: 220308 IG || TZUYU Update by @
zooc_official

"Check out ZOOC's new spring products with ZOOC's muse, Chou Tzuyu at nearby st…
2022-03-09 05:36:06 [Twitter4J Async Dispatcher[0]] INFO  c.m.d.t.t.k.s.l.TwitterKafkaStatusListener - Twitter status with text RT @wartexESPORTS: 🚨 #CSGO #Giveaway  🚨

Wartex eSports Spring Twitter Giveaway

GIVEAWAY  of
- AWP Hyper Beast (Field-Tested)(31$)

Rules:…
2022-03-09 05:36:06 [Twitter4J Async Dispatcher[0]] INFO  c.m.d.t.t.k.s.l.TwitterKafkaStatusListener - Twitter status with text RT @mtshr20201: Spring paradise HiHi Jets公演 スプパラ
お譲り先を探しています。

【日程】3/19 夜
【枚数】1枚
【金額】定価+手数料

普段から定価以上のお取引しない成人済みの方。今後も仲良くしてくださる方。

詳細は画像ご覧く…
2022-03-09 05:36:06 [Twitter4J Async Dispatcher[0]] INFO  c.m.d.t.t.k.s.l.TwitterKafkaStatusListener - Twitter status with text RT @pinku_tai: เพื่อนที่อังกฤษถ่ายส่งมาให้ดู นางบอกว่าช่วงนี้ร้านＰＲＩＭＡＲＫกลายเป็นสีชมพูรับช่วง Spring /Summer 2022 ไปแล้วจ้า น่ารักมว๊ากกก 💕…
2022-03-09 05:36:06 [Twitter4J Async Dispatcher[0]] INFO  c.m.d.t.t.k.s.l.TwitterKafkaStatusListener - Twitter status with text @DeltV9 exactly same
spring is the worst fuckin wet muddy temperature go from 0 to 40 in 2 seconds i hate it and so many bugs
2022-03-09 05:36:06 [Twitter4J Async Dispatcher[0]] INFO  c.m.d.t.t.k.s.l.TwitterKafkaStatusListener - Twitter status with text RT @steven_pifer: Nice clip of @ZelenskyyUa out for walk near presidential administration in Kyiv.

Anyone see any recent clips of Vladimir…
2022-03-09 05:36:07 [Twitter4J Async Dispatcher[0]] INFO  c.m.d.t.t.k.s.l.TwitterKafkaStatusListener - Twitter status with text RT @alluxeweb: ＼フォロー&RTプレゼント🎁／
HOP❗️STEP❗️SPRING💐企画 第2弾

😷抵抗力の改善や疲労の回復にアプローチ💪
ダイエット中や就寝前でもOK🛌💤
詳細 https://t.co/L4weeCp39l

応募
①@alluxewebフォ…
2022-03-09 05:36:07 [Twitter4J Async Dispatcher[0]] INFO  c.m.d.t.t.k.s.l.TwitterKafkaStatusListener - Twitter status with text RT @ninomaeinanis: Spring time = w= https://t.co/mdDGhhvjpp
2022-03-09 05:36:07 [Twitter4J Async Dispatcher[0]] INFO  c.m.d.t.t.k.s.l.TwitterKafkaStatusListener - Twitter status with text カテゴリ「本」
／
ランキング:18位
＼

✨日本映画navi　SPRING Special 2022✨ (14:36)

https://t.co/KaHKC5TJmc
2022-03-09 05:36:07 [Twitter4J Async Dispatcher[0]] INFO  c.m.d.t.t.k.s.l.TwitterKafkaStatusListener - Twitter status with text RT @tnkmsr_photo: early spring days https://t.co/hrd8nrxhLa
2022-03-09 05:36:07 [Twitter4J Async Dispatcher[0]] INFO  c.m.d.t.t.k.s.l.TwitterKafkaStatusListener - Twitter status with text ❗ランキング:35位❗(今週の新着)

「■スヌーピー のびのびピローケース ネイビー　約50×63cmまで対応可能 XT61183637860」
メーカ:西川

価格:¥1,980  ✨ポイント8倍✨
🔥売り切れ間近🔥(14:36)

https://t.co/xFf4nzo1yQ
2022-03-09 05:36:08 [Twitter4J Async Dispatcher[0]] INFO  c.m.d.t.t.k.s.l.TwitterKafkaStatusListener - Twitter status with text ❗ランキング：15位❗ (CPU)

「水冷CPUクーラー iCUE H100i RGB PRO XT　アップグレードキットセット CW-9060043-WW」
メーカ:Corsair

価格:¥12,887(14:36)

https://t.co/uzGuHrfdD7
2022-03-09 05:36:09 [Twitter4J Async Dispatcher[0]] INFO  c.m.d.t.t.k.s.l.TwitterKafkaStatusListener - Twitter status with text RT @icedteii: spring has come again 🌸 https://t.co/mxtCyfee8H
2022-03-09 05:36:09 [Twitter4J Async Dispatcher[0]] INFO  c.m.d.t.t.k.s.l.TwitterKafkaStatusListener - Twitter status with text RT @jkscupofmilk: Setlist for PTD ON STAGE SEOUL so far

• ON
• PTD
• FIRE
• DOPE
• BUTTER
• DYNAMITE
• BLUE & GREY
• BLACK SWAN
• LIFE GOE…
2022-03-09 05:36:10 [Twitter4J Async Dispatcher[0]] INFO  c.m.d.t.t.k.s.l.TwitterKafkaStatusListener - Twitter status with text RT @jkscupofmilk: Setlist for PTD ON STAGE SEOUL so far

• ON
• PTD
• FIRE
• DOPE
• BUTTER
• DYNAMITE
• BLUE & GREY
• BLACK SWAN
• LIFE GOE…
2022-03-09 05:36:10 [Twitter4J Async Dispatcher[0]] INFO  c.m.d.t.t.k.s.l.TwitterKafkaStatusListener - Twitter status with text RT @jkscupofmilk: Setlist for PTD ON STAGE SEOUL so far

• ON
• PTD
• FIRE
• DOPE
• BUTTER
• DYNAMITE
• BLUE & GREY
• BLACK SWAN
• LIFE GOE…
2022-03-09 05:36:10 [Twitter4J Async Dispatcher[0]] INFO  c.m.d.t.t.k.s.l.TwitterKafkaStatusListener - Twitter status with text RT @MJoyArt: Spring time bulbasaur. [pokemon] https://t.co/KXr4aDzUO7
2022-03-09 05:36:10 [Twitter4J Async Dispatcher[0]] INFO  c.m.d.t.t.k.s.l.TwitterKafkaStatusListener - Twitter status with text RT @LoveGlowberry: - SETLIST de PTD ON STAGE SEOUL hasta ahora que se han escuchado:

• ON
• PTD
• FIRE
• DOPE
• BUTTER
• DYNAMITE
• BLUE &…
2022-03-09 05:36:10 [Twitter4J Async Dispatcher[0]] INFO  c.m.d.t.t.k.s.l.TwitterKafkaStatusListener - Twitter status with text RT @tbc_joe: 🅾️ 🎙NEW Episode‼️
👉🏼 https://t.co/uvG832sfN2
2022 First Spring Football Coaches Interviews
⭐️ Ryan Day
⭐️ Jim Knowles
⭐️ Kevin…
2022-03-09 05:36:11 [Twitter4J Async Dispatcher[0]] INFO  c.m.d.t.t.k.s.l.TwitterKafkaStatusListener - Twitter status with text RT @ninomaeinanis: Spring time = w= https://t.co/mdDGhhvjpp
2022-03-09 05:36:11 [Twitter4J Async Dispatcher[0]] INFO  c.m.d.t.t.k.s.l.TwitterKafkaStatusListener - Twitter status with text RT @JustinCToscano: Outfielder Jesse Franklin, the Braves’ No. 17 prospect on MLB Pipeline, is fun to watch in BP. He’s got some pop. He’ll…
2022-03-09 05:36:12 [Twitter4J Async Dispatcher[0]] INFO  c.m.d.t.t.k.s.l.TwitterKafkaStatusListener - Twitter status with text I saw news Kuala Lumpur was flooding the other day, maybe Malaysia can move their capital like Indonesia moving from Java to Kalimantan? From Peninsular to Borneo island, we have some Kuala options like Kuala Baram, Kuala Nyabor, or if they rly don't know, there's Kuala Tatau.
2022-03-09 05:36:12 [Twitter4J Async Dispatcher[0]] INFO  c.m.d.t.t.k.s.l.TwitterKafkaStatusListener - Twitter status with text not outro: wings 😭😭 god pls i NEED jessica to find a ticket 🍀🍀🍀🍀
2022-03-09 05:36:13 [Twitter4J Async Dispatcher[0]] INFO  c.m.d.t.t.k.s.l.TwitterKafkaStatusListener - Twitter status with text RT @jkscupofmilk: Setlist for PTD ON STAGE SEOUL so far

• ON
• PTD
• FIRE
• DOPE
• BUTTER
• DYNAMITE
• BLUE & GREY
• BLACK SWAN
• LIFE GOE…
2022-03-09 05:36:13 [Twitter4J Async Dispatcher[0]] INFO  c.m.d.t.t.k.s.l.TwitterKafkaStatusListener - Twitter status with text Ok I just want say😭 I'm working on my body and knees in gonna get right🙂. But omggg it's almost fuckin’ Spring🥺
2022-03-09 05:36:14 [Twitter4J Async Dispatcher[0]] INFO  c.m.d.t.t.k.s.l.TwitterKafkaStatusListener - Twitter status with text RT @jkscupofmilk: Setlist for PTD ON STAGE SEOUL so far

• ON
• PTD
• FIRE
• DOPE
• BUTTER
• DYNAMITE
• BLUE & GREY
• BLACK SWAN
• LIFE GOE…
2022-03-09 05:36:14 [Twitter4J Async Dispatcher[0]] INFO  c.m.d.t.t.k.s.l.TwitterKafkaStatusListener - Twitter status with text Face to face lessons in spring semaster 2022. https://t.co/TgrIrWYpdi
2022-03-09 05:36:14 [Twitter4J Async Dispatcher[0]] INFO  c.m.d.t.t.k.s.l.TwitterKafkaStatusListener - Twitter status with text RT @photographe_z: OMG
Spring Spa က အကြမ်းဆင် အထန်ကြီး

ပုံရိုက်နေရင်းတောင်
​ကြွေနေမိတယ်😍😍 https://t.co/z0I7XI9wFk
2022-03-09 05:36:14 [Twitter4J Async Dispatcher[0]] INFO  c.m.d.t.t.k.s.l.TwitterKafkaStatusListener - Twitter status with text Thinking about getting season tickets for Kentucky.
I'll have to check out the spring game
2022-03-09 05:36:15 [Twitter4J Async Dispatcher[0]] INFO  c.m.d.t.t.k.s.l.TwitterKafkaStatusListener - Twitter status with text eurueueueeueueue
2022-03-09 05:36:15 [Twitter4J Async Dispatcher[0]] INFO  c.m.d.t.t.k.s.l.TwitterKafkaStatusListener - Twitter status with text @Sime1art Quello rovesciato sembra lo scarafaggio di Kafka
2022-03-09 05:36:16 [Twitter4J Async Dispatcher[0]] INFO  c.m.d.t.t.k.s.l.TwitterKafkaStatusListener - Twitter status with text RT @ChouTzuyuPrint: 📸 220308 | Zooc IG update: 

ZOOC 22 Spring with TZUYU 💕

Check out ZOOC's new spring clothes worn by TWICE TZUYU at a…
2022-03-09 05:36:16 [Twitter4J Async Dispatcher[0]] INFO  c.m.d.t.t.k.s.l.TwitterKafkaStatusListener - Twitter status with text RT @felix_light: “Everything is fine. We will overcome” - Zelensky’s latest video, in which he greets the start of spring from Kyiv’s gover…
2022-03-09 05:36:16 [Twitter4J Async Dispatcher[0]] INFO  c.m.d.t.t.k.s.l.TwitterKafkaStatusListener - Twitter status with text RT @VegasIssues: Spring has arrived in Vegas. 😍🌸 https://t.co/BFBt3eNQzr
2022-03-09 05:36:17 [Twitter4J Async Dispatcher[0]] INFO  c.m.d.t.t.k.s.l.TwitterKafkaStatusListener - Twitter status with text RT @acnh_kayleen: Welcome to the 🌿Enchanted🌿 Forest, a spring gaming setup update ✨

https://t.co/w3RiFpNFrb https://t.co/U76Cpoy893
2022-03-09 05:36:17 [Twitter4J Async Dispatcher[0]] INFO  c.m.d.t.t.k.s.l.TwitterKafkaStatusListener - Twitter status with text RT @felix_light: “Everything is fine. We will overcome” - Zelensky’s latest video, in which he greets the start of spring from Kyiv’s gover…
2022-03-09 05:36:17 [Twitter4J Async Dispatcher[0]] INFO  c.m.d.t.t.k.s.l.TwitterKafkaStatusListener - Twitter status with text RT @Dior: Seen at the press conference for the drama series 'Snowdrop', lead actress and Dior Global Ambassador JISOO accessorized her #Dio…
2022-03-09 05:36:17 [Twitter4J Async Dispatcher[0]] INFO  c.m.d.t.t.k.s.l.TwitterKafkaStatusListener - Twitter status with text RT @RYO_KANZAKI1031: A beautiful night view from the hot spring 💕
วิวจากออนเซ็นสวยดีครับ
温泉からの夜景が綺麗でした https://t.co/0yCp3e2DDj
2022-03-09 05:36:18 [Twitter4J Async Dispatcher[0]] INFO  c.m.d.t.t.k.s.l.TwitterKafkaStatusListener - Twitter status with text RT @allfor_tzuyu: Tzuyu Pic 📸 | zooc_official Instagram Update

🖇️ https://t.co/B4B8zBX7Ca

ZOOC 22 Spring with TZUYU 💕

#쯔위 #ツウィ #TZUYU #…
2022-03-09 05:36:18 [Twitter4J Async Dispatcher[0]] INFO  c.m.d.t.t.k.s.l.TwitterKafkaStatusListener - Twitter status with text RT @jkscupofmilk: Setlist for PTD ON STAGE SEOUL so far

• ON
• PTD
• FIRE
• DOPE
• BUTTER
• DYNAMITE
• BLUE & GREY
• BLACK SWAN
• LIFE GOE…
2022-03-09 05:36:19 [Twitter4J Async Dispatcher[0]] INFO  c.m.d.t.t.k.s.l.TwitterKafkaStatusListener - Twitter status with text RT @acnh_kayleen: Welcome to the 🌿Enchanted🌿 Forest, a spring gaming setup update ✨

https://t.co/w3RiFpNFrb https://t.co/U76Cpoy893
2022-03-09 05:36:19 [Twitter4J Async Dispatcher[0]] INFO  c.m.d.t.t.k.s.l.TwitterKafkaStatusListener - Twitter status with text RT @louijanaa: A little under a year, but first piece is from may of 2021 and the second piece is from January of this year. https://t.co/5…
2022-03-09 05:36:20 [Twitter4J Async Dispatcher[0]] INFO  c.m.d.t.t.k.s.l.TwitterKafkaStatusListener - Twitter status with text RT @jkscupofmilk: Setlist for PTD ON STAGE SEOUL so far

• ON
• PTD
• FIRE
• DOPE
• BUTTER
• DYNAMITE
• BLUE & GREY
• BLACK SWAN
• LIFE GOE…
2022-03-09 05:36:20 [Twitter4J Async Dispatcher[0]] INFO  c.m.d.t.t.k.s.l.TwitterKafkaStatusListener - Twitter status with text https://t.co/aUkwtA5LOW
2022-03-09 05:36:21 [Twitter4J Async Dispatcher[0]] INFO  c.m.d.t.t.k.s.l.TwitterKafkaStatusListener - Twitter status with text We are available to take your online spring courses for you at affordable rates.
calculus
psychology
someone help.
thesis.
mathematics
essays due 
nursing
Excel..
homework
sociology
essay
physics
essay..
kindly hmu
2022-03-09 05:36:21 [Twitter4J Async Dispatcher[0]] INFO  c.m.d.t.t.k.s.l.TwitterKafkaStatusListener - Twitter status with text RT @Dior: Dior Global Ambassador JISOO attended the press conference for 'Snowdrop', the drama series in which she plays the female lead, i…
2022-03-09 05:36:21 [Twitter4J Async Dispatcher[0]] INFO  c.m.d.t.t.k.s.l.TwitterKafkaStatusListener - Twitter status with text Spring where are you?
2022-03-09 05:36:22 [Twitter4J Async Dispatcher[0]] INFO  c.m.d.t.t.k.s.l.TwitterKafkaStatusListener - Twitter status with text RT @jkscupofmilk: Setlist for PTD ON STAGE SEOUL so far

• ON
• PTD
• FIRE
• DOPE
• BUTTER
• DYNAMITE
• BLUE & GREY
• BLACK SWAN
• LIFE GOE…
2022-03-09 05:36:22 [Twitter4J Async Dispatcher[0]] INFO  c.m.d.t.t.k.s.l.TwitterKafkaStatusListener - Twitter status with text RT @jkscupofmilk: Setlist for PTD ON STAGE SEOUL so far

• ON
• PTD
• FIRE
• DOPE
• BUTTER
• DYNAMITE
• BLUE & GREY
• BLACK SWAN
• LIFE GOE…
2022-03-09 05:36:22 [Twitter4J Async Dispatcher[0]] INFO  c.m.d.t.t.k.s.l.TwitterKafkaStatusListener - Twitter status with text RT @pinku_tai: เพื่อนที่อังกฤษถ่ายส่งมาให้ดู นางบอกว่าช่วงนี้ร้านＰＲＩＭＡＲＫกลายเป็นสีชมพูรับช่วง Spring /Summer 2022 ไปแล้วจ้า น่ารักมว๊ากกก 💕…
2022-03-09 05:36:22 [Twitter4J Async Dispatcher[0]] INFO  c.m.d.t.t.k.s.l.TwitterKafkaStatusListener - Twitter status with text RT @RevDrBLee: This is a great interview with my friend @JustinHolcomb at the @WhiteHorseInn discussing the Anglican tradition. 

Soon we w…
2022-03-09 05:36:23 [Twitter4J Async Dispatcher[0]] INFO  c.m.d.t.t.k.s.l.TwitterKafkaStatusListener - Twitter status with text RT @andymcfayden: BEHIND THE SCENES! Each Spring and Fall the @DerbyEdFdn is honored to award grants to @DerbySchoolsKS. We are excited to…
2022-03-09 05:36:23 [Twitter4J Async Dispatcher[0]] INFO  c.m.d.t.t.k.s.l.TwitterKafkaStatusListener - Twitter status with text Spring day
2022-03-09 05:36:23 [Twitter4J Async Dispatcher[0]] INFO  c.m.d.t.t.k.s.l.TwitterKafkaStatusListener - Twitter status with text @AngieFalangi Right? I mean I have a way to earn money but since I can’t afford candy and etc to sell, I’m unable to. I sell snacks and drinks to neighborhood kids after school and on weekends. The past few months I’ve had to turn them away. Spring break and summer vacation aren’t too far away
2022-03-09 05:36:23 [Twitter4J Async Dispatcher[0]] INFO  c.m.d.t.t.k.s.l.TwitterKafkaStatusListener - Twitter status with text 3 days to go before Spring Break!! Counting Down!!!
2022-03-09 05:36:23 [Twitter4J Async Dispatcher[0]] INFO  c.m.d.t.t.k.s.l.TwitterKafkaStatusListener - Twitter status with text RT @chocomiru02: Spring Dress for Rosalina! https://t.co/YkbhaR4ZzW
2022-03-09 05:36:23 [Twitter4J Async Dispatcher[0]] INFO  c.m.d.t.t.k.s.l.TwitterKafkaStatusListener - Twitter status with text RT @cheolscafe: Seventeen’s Campfire was voted as one of the top songs to listen to in Spring. 

@pledis_17 #SEVENTEEN https://t.co/trZHE3e…
2022-03-09 05:36:24 [Twitter4J Async Dispatcher[0]] INFO  c.m.d.t.t.k.s.l.TwitterKafkaStatusListener - Twitter status with text RT @jkscupofmilk: Setlist for PTD ON STAGE SEOUL so far

• ON
• PTD
• FIRE
• DOPE
• BUTTER
• DYNAMITE
• BLUE & GREY
• BLACK SWAN
• LIFE GOE…
2022-03-09 05:36:24 [Twitter4J Async Dispatcher[0]] INFO  c.m.d.t.t.k.s.l.TwitterKafkaStatusListener - Twitter status with text good news I found Rite of Spring shitpost YouTube https://t.co/u5npyJMJbU
2022-03-09 05:36:25 [Twitter4J Async Dispatcher[0]] INFO  c.m.d.t.t.k.s.l.TwitterKafkaStatusListener - Twitter status with text RT @jkscupofmilk: Setlist for PTD ON STAGE SEOUL so far

• ON
• PTD
• FIRE
• DOPE
• BUTTER
• DYNAMITE
• BLUE & GREY
• BLACK SWAN
• LIFE GOE…
2022-03-09 05:36:25 [Twitter4J Async Dispatcher[0]] INFO  c.m.d.t.t.k.s.l.TwitterKafkaStatusListener - Twitter status with text SETLIST FOR PTD ON STAGE - SEOUL✨

📍ON
📍PTD
📍FIRE
📍DOPE
📍BUTTER
📍DYNAMITE
📍BLUE & GREY
📍BLACK SWAN
📍LIFE GOES ON 
📍BOY WITH LUV
📍GO GO 
📍FAKE LOVE 
📍MIKROKOSMOS
📍YOUNG FOREVER
📍SPRING DAY
📍OUTRO : WINGS
📍ANPANMAN

Akhirnya besok adalah puncaknya 🥰🤗
2022-03-09 05:36:25 [Twitter4J Async Dispatcher[0]] INFO  c.m.d.t.t.k.s.l.TwitterKafkaStatusListener - Twitter status with text RT @jkscupofmilk: Setlist for PTD ON STAGE SEOUL so far

• ON
• PTD
• FIRE
• DOPE
• BUTTER
• DYNAMITE
• BLUE & GREY
• BLACK SWAN
• LIFE GOE…
2022-03-09 05:36:25 [Twitter4J Async Dispatcher[0]] INFO  c.m.d.t.t.k.s.l.TwitterKafkaStatusListener - Twitter status with text RT @TravelStrictly: Swinging into Spring: Carmel Valley Ranch with my Parents https://t.co/4JiEelfYPt
2022-03-09 05:36:25 [Twitter4J Async Dispatcher[0]] INFO  c.m.d.t.t.k.s.l.TwitterKafkaStatusListener - Twitter status with text RT @31Sonsdemode: 【❤️WEB CATALOG MARCH ISSUE❤️】
#上國料萌衣 と SPRING COLOR
▶https://t.co/el2Nlvhopa

#上國料萌衣 さん（@angerme_upfront ）
が着こなす
心ときめくスプリ…
2022-03-09 05:36:26 [Twitter4J Async Dispatcher[0]] INFO  c.m.d.t.t.k.s.l.TwitterKafkaStatusListener - Twitter status with text moin moin bag
2022-03-09 05:36:26 [Twitter4J Async Dispatcher[0]] INFO  c.m.d.t.t.k.s.l.TwitterKafkaStatusListener - Twitter status with text RT @acnh_kayleen: Welcome to the 🌿Enchanted🌿 Forest, a spring gaming setup update ✨

https://t.co/w3RiFpNFrb https://t.co/U76Cpoy893
2022-03-09 05:36:27 [SpringApplicationShutdownHook] INFO  c.m.d.t.t.k.s.r.i.TwitterKafkaStreamRunner - Closing twitter stream
